  test5.cpp
C:\Users\Norihiko Tanaka\Documents\_広田研関連\2021\pinarray\MouseAnalogScale-OpenGL\RandPat2\test5.cpp(1,1): warning C4828: オフセット 0xbd から始まる、現在のソースの文字セット (コードページ 65001) では使用できない文字がファイルに含まれています。
C:\Users\Norihiko Tanaka\Documents\_広田研関連\2021\pinarray\MouseAnalogScale-OpenGL\RandPat2\test5.cpp(1,1): warning C4828: オフセット 0xbf から始まる、現在のソースの文字セット (コードページ 65001) では使用できない文字がファイルに含まれています。
C:\Users\Norihiko Tanaka\Documents\_広田研関連\2021\pinarray\MouseAnalogScale-OpenGL\RandPat2\test5.cpp(1,1): warning C4828: オフセット 0xc3 から始まる、現在のソースの文字セット (コードページ 65001) では使用できない文字がファイルに含まれています。
C:\Users\Norihiko Tanaka\Documents\_広田研関連\2021\pinarray\MouseAnalogScale-OpenGL\RandPat2\test5.cpp(1,1): warning C4828: オフセット 0xc5 から始まる、現在のソースの文字セット (コードページ 65001) では使用できない文字がファイルに含まれています。
C:\Users\Norihiko Tanaka\Documents\_広田研関連\2021\pinarray\MouseAnalogScale-OpenGL\RandPat2\test5.cpp(1,1): warning C4828: オフセット 0xc7 から始まる、現在のソースの文字セット (コードページ 65001) では使用できない文字がファイルに含まれています。
C:\Users\Norihiko Tanaka\Documents\_広田研関連\2021\pinarray\MouseAnalogScale-OpenGL\RandPat2\test5.cpp(1,1): warning C4828: オフセット 0xc8 から始まる、現在のソースの文字セット (コードページ 65001) では使用できない文字がファイルに含まれています。
C:\Users\Norihiko Tanaka\Documents\_広田研関連\2021\pinarray\MouseAnalogScale-OpenGL\RandPat2\test5.cpp(1,1): warning C4828: オフセット 0xe5 から始まる、現在のソースの文字セット (コードページ 65001) では使用できない文字がファイルに含まれています。
C:\Users\Norihiko Tanaka\Documents\_広田研関連\2021\pinarray\MouseAnalogScale-OpenGL\RandPat2\test5.cpp(1,1): warning C4828: オフセット 0xe6 から始まる、現在のソースの文字セット (コードページ 65001) では使用できない文字がファイルに含まれています。
C:\Users\Norihiko Tanaka\Documents\_広田研関連\2021\pinarray\MouseAnalogScale-OpenGL\RandPat2\test5.cpp(1,1): warning C4828: オフセット 0xe7 から始まる、現在のソースの文字セット (コードページ 65001) では使用できない文字がファイルに含まれています。
C:\Users\Norihiko Tanaka\Documents\_広田研関連\2021\pinarray\MouseAnalogScale-OpenGL\RandPat2\test5.cpp(1,1): warning C4828: オフセット 0xe8 から始まる、現在のソースの文字セット (コードページ 65001) では使用できない文字がファイルに含まれています。
C:\Users\Norihiko Tanaka\Documents\_広田研関連\2021\pinarray\MouseAnalogScale-OpenGL\RandPat2\test5.cpp(1,1): warning C4828: オフセット 0xe9 から始まる、現在のソースの文字セット (コードページ 65001) では使用できない文字がファイルに含まれています。
C:\Users\Norihiko Tanaka\Documents\_広田研関連\2021\pinarray\MouseAnalogScale-OpenGL\RandPat2\test5.cpp(1,1): warning C4828: オフセット 0xed から始まる、現在のソースの文字セット (コードページ 65001) では使用できない文字がファイルに含まれています。
C:\Users\Norihiko Tanaka\Documents\_広田研関連\2021\pinarray\MouseAnalogScale-OpenGL\RandPat2\test5.cpp(1,1): warning C4828: オフセット 0xef から始まる、現在のソースの文字セット (コードページ 65001) では使用できない文字がファイルに含まれています。
C:\Users\Norihiko Tanaka\Documents\_広田研関連\2021\pinarray\MouseAnalogScale-OpenGL\RandPat2\test5.cpp(1,1): warning C4828: オフセット 0xf1 から始まる、現在のソースの文字セット (コードページ 65001) では使用できない文字がファイルに含まれています。
C:\Users\Norihiko Tanaka\Documents\_広田研関連\2021\pinarray\MouseAnalogScale-OpenGL\RandPat2\test5.cpp(1,1): warning C4828: オフセット 0xf3 から始まる、現在のソースの文字セット (コードページ 65001) では使用できない文字がファイルに含まれています。
C:\Users\Norihiko Tanaka\Documents\_広田研関連\2021\pinarray\MouseAnalogScale-OpenGL\RandPat2\test5.cpp(1,1): warning C4828: オフセット 0xf4 から始まる、現在のソースの文字セット (コードページ 65001) では使用できない文字がファイルに含まれています。
C:\Users\Norihiko Tanaka\Documents\_広田研関連\2021\pinarray\MouseAnalogScale-OpenGL\RandPat2\test5.cpp(1,1): warning C4828: オフセット 0xf5 から始まる、現在のソースの文字セット (コードページ 65001) では使用できない文字がファイルに含まれています。
C:\Users\Norihiko Tanaka\Documents\_広田研関連\2021\pinarray\MouseAnalogScale-OpenGL\RandPat2\test5.cpp(1,1): warning C4828: オフセット 0xf7 から始まる、現在のソースの文字セット (コードページ 65001) では使用できない文字がファイルに含まれています。
C:\Users\Norihiko Tanaka\Documents\_広田研関連\2021\pinarray\MouseAnalogScale-OpenGL\RandPat2\test5.cpp(1,1): warning C4828: オフセット 0xf9 から始まる、現在のソースの文字セット (コードページ 65001) では使用できない文字がファイルに含まれています。
C:\Users\Norihiko Tanaka\Documents\_広田研関連\2021\pinarray\MouseAnalogScale-OpenGL\RandPat2\test5.cpp(1,1): warning C4828: オフセット 0xfa から始まる、現在のソースの文字セット (コードページ 65001) では使用できない文字がファイルに含まれています。
C:\Users\Norihiko Tanaka\Documents\_広田研関連\2021\pinarray\MouseAnalogScale-OpenGL\RandPat2\test5.cpp(1,1): warning C4828: オフセット 0x11b から始まる、現在のソースの文字セット (コードページ 65001) では使用できない文字がファイルに含まれています。
C:\Users\Norihiko Tanaka\Documents\_広田研関連\2021\pinarray\MouseAnalogScale-OpenGL\RandPat2\test5.cpp(1,1): warning C4828: オフセット 0x11c から始まる、現在のソースの文字セット (コードページ 65001) では使用できない文字がファイルに含まれています。
C:\Users\Norihiko Tanaka\Documents\_広田研関連\2021\pinarray\MouseAnalogScale-OpenGL\RandPat2\test5.cpp(1,1): warning C4828: オフセット 0x11d から始まる、現在のソースの文字セット (コードページ 65001) では使用できない文字がファイルに含まれています。
C:\Users\Norihiko Tanaka\Documents\_広田研関連\2021\pinarray\MouseAnalogScale-OpenGL\RandPat2\test5.cpp(1,1): warning C4828: オフセット 0x11f から始まる、現在のソースの文字セット (コードページ 65001) では使用できない文字がファイルに含まれています。
C:\Users\Norihiko Tanaka\Documents\_広田研関連\2021\pinarray\MouseAnalogScale-OpenGL\RandPat2\test5.cpp(1,1): warning C4828: オフセット 0x121 から始まる、現在のソースの文字セット (コードページ 65001) では使用できない文字がファイルに含まれています。
C:\Users\Norihiko Tanaka\Documents\_広田研関連\2021\pinarray\MouseAnalogScale-OpenGL\RandPat2\test5.cpp(1,1): warning C4828: オフセット 0x123 から始まる、現在のソースの文字セット (コードページ 65001) では使用できない文字がファイルに含まれています。
C:\Users\Norihiko Tanaka\Documents\_広田研関連\2021\pinarray\MouseAnalogScale-OpenGL\RandPat2\test5.cpp(1,1): warning C4828: オフセット 0x124 から始まる、現在のソースの文字セット (コードページ 65001) では使用できない文字がファイルに含まれています。
C:\Users\Norihiko Tanaka\Documents\_広田研関連\2021\pinarray\MouseAnalogScale-OpenGL\RandPat2\test5.cpp(1,1): warning C4828: オフセット 0x125 から始まる、現在のソースの文字セット (コードページ 65001) では使用できない文字がファイルに含まれています。
C:\Users\Norihiko Tanaka\Documents\_広田研関連\2021\pinarray\MouseAnalogScale-OpenGL\RandPat2\test5.cpp(1,1): warning C4828: オフセット 0x127 から始まる、現在のソースの文字セット (コードページ 65001) では使用できない文字がファイルに含まれています。
C:\Users\Norihiko Tanaka\Documents\_広田研関連\2021\pinarray\MouseAnalogScale-OpenGL\RandPat2\test5.cpp(1,1): warning C4828: オフセット 0x12a から始まる、現在のソースの文字セット (コードページ 65001) では使用できない文字がファイルに含まれています。
C:\Users\Norihiko Tanaka\Documents\_広田研関連\2021\pinarray\MouseAnalogScale-OpenGL\RandPat2\test5.cpp(1,1): warning C4828: オフセット 0x12b から始まる、現在のソースの文字セット (コードページ 65001) では使用できない文字がファイルに含まれています。
C:\Users\Norihiko Tanaka\Documents\_広田研関連\2021\pinarray\MouseAnalogScale-OpenGL\RandPat2\test5.cpp(1,1): warning C4828: オフセット 0x12c から始まる、現在のソースの文字セット (コードページ 65001) では使用できない文字がファイルに含まれています。
C:\Users\Norihiko Tanaka\Documents\_広田研関連\2021\pinarray\MouseAnalogScale-OpenGL\RandPat2\test5.cpp(1,1): warning C4828: オフセット 0x451 から始まる、現在のソースの文字セット (コードページ 65001) では使用できない文字がファイルに含まれています。
C:\Users\Norihiko Tanaka\Documents\_広田研関連\2021\pinarray\MouseAnalogScale-OpenGL\RandPat2\test5.cpp(1,1): warning C4828: オフセット 0x452 から始まる、現在のソースの文字セット (コードページ 65001) では使用できない文字がファイルに含まれています。
C:\Users\Norihiko Tanaka\Documents\_広田研関連\2021\pinarray\MouseAnalogScale-OpenGL\RandPat2\test5.cpp(1,1): warning C4828: オフセット 0x453 から始まる、現在のソースの文字セット (コードページ 65001) では使用できない文字がファイルに含まれています。
C:\Users\Norihiko Tanaka\Documents\_広田研関連\2021\pinarray\MouseAnalogScale-OpenGL\RandPat2\test5.cpp(1,1): warning C4828: オフセット 0x454 から始まる、現在のソースの文字セット (コードページ 65001) では使用できない文字がファイルに含まれています。
C:\Users\Norihiko Tanaka\Documents\_広田研関連\2021\pinarray\MouseAnalogScale-OpenGL\RandPat2\test5.cpp(1,1): warning C4828: オフセット 0x455 から始まる、現在のソースの文字セット (コードページ 65001) では使用できない文字がファイルに含まれています。
C:\Users\Norihiko Tanaka\Documents\_広田研関連\2021\pinarray\MouseAnalogScale-OpenGL\RandPat2\test5.cpp(1,1): warning C4828: オフセット 0x459 から始まる、現在のソースの文字セット (コードページ 65001) では使用できない文字がファイルに含まれています。
C:\Users\Norihiko Tanaka\Documents\_広田研関連\2021\pinarray\MouseAnalogScale-OpenGL\RandPat2\test5.cpp(1,1): warning C4828: オフセット 0x45a から始まる、現在のソースの文字セット (コードページ 65001) では使用できない文字がファイルに含まれています。
C:\Users\Norihiko Tanaka\Documents\_広田研関連\2021\pinarray\MouseAnalogScale-OpenGL\RandPat2\test5.cpp(1,1): warning C4828: オフセット 0x544 から始まる、現在のソースの文字セット (コードページ 65001) では使用できない文字がファイルに含まれています。
C:\Users\Norihiko Tanaka\Documents\_広田研関連\2021\pinarray\MouseAnalogScale-OpenGL\RandPat2\test5.cpp(1,1): warning C4828: オフセット 0x546 から始まる、現在のソースの文字セット (コードページ 65001) では使用できない文字がファイルに含まれています。
C:\Users\Norihiko Tanaka\Documents\_広田研関連\2021\pinarray\MouseAnalogScale-OpenGL\RandPat2\test5.cpp(1,1): warning C4828: オフセット 0x54a から始まる、現在のソースの文字セット (コードページ 65001) では使用できない文字がファイルに含まれています。
C:\Users\Norihiko Tanaka\Documents\_広田研関連\2021\pinarray\MouseAnalogScale-OpenGL\RandPat2\test5.cpp(1,1): warning C4828: オフセット 0x54b から始まる、現在のソースの文字セット (コードページ 65001) では使用できない文字がファイルに含まれています。
C:\Users\Norihiko Tanaka\Documents\_広田研関連\2021\pinarray\MouseAnalogScale-OpenGL\RandPat2\test5.cpp(1,1): warning C4828: オフセット 0x65f から始まる、現在のソースの文字セット (コードページ 65001) では使用できない文字がファイルに含まれています。
C:\Users\Norihiko Tanaka\Documents\_広田研関連\2021\pinarray\MouseAnalogScale-OpenGL\RandPat2\test5.cpp(1,1): warning C4828: オフセット 0x660 から始まる、現在のソースの文字セット (コードページ 65001) では使用できない文字がファイルに含まれています。
C:\Users\Norihiko Tanaka\Documents\_広田研関連\2021\pinarray\MouseAnalogScale-OpenGL\RandPat2\test5.cpp(1,1): warning C4828: オフセット 0x661 から始まる、現在のソースの文字セット (コードページ 65001) では使用できない文字がファイルに含まれています。
C:\Users\Norihiko Tanaka\Documents\_広田研関連\2021\pinarray\MouseAnalogScale-OpenGL\RandPat2\test5.cpp(1,1): warning C4828: オフセット 0x662 から始まる、現在のソースの文字セット (コードページ 65001) では使用できない文字がファイルに含まれています。
C:\Users\Norihiko Tanaka\Documents\_広田研関連\2021\pinarray\MouseAnalogScale-OpenGL\RandPat2\test5.cpp(1,1): warning C4828: オフセット 0x663 から始まる、現在のソースの文字セット (コードページ 65001) では使用できない文字がファイルに含まれています。
C:\Users\Norihiko Tanaka\Documents\_広田研関連\2021\pinarray\MouseAnalogScale-OpenGL\RandPat2\test5.cpp(1,1): warning C4828: オフセット 0x667 から始まる、現在のソースの文字セット (コードページ 65001) では使用できない文字がファイルに含まれています。
C:\Users\Norihiko Tanaka\Documents\_広田研関連\2021\pinarray\MouseAnalogScale-OpenGL\RandPat2\test5.cpp(1,1): warning C4828: オフセット 0x668 から始まる、現在のソースの文字セット (コードページ 65001) では使用できない文字がファイルに含まれています。
C:\Users\Norihiko Tanaka\Documents\_広田研関連\2021\pinarray\MouseAnalogScale-OpenGL\RandPat2\test5.cpp(1,1): warning C4828: オフセット 0x70f から始まる、現在のソースの文字セット (コードページ 65001) では使用できない文字がファイルに含まれています。
C:\Users\Norihiko Tanaka\Documents\_広田研関連\2021\pinarray\MouseAnalogScale-OpenGL\RandPat2\test5.cpp(1,1): warning C4828: オフセット 0x710 から始まる、現在のソースの文字セット (コードページ 65001) では使用できない文字がファイルに含まれています。
C:\Users\Norihiko Tanaka\Documents\_広田研関連\2021\pinarray\MouseAnalogScale-OpenGL\RandPat2\test5.cpp(1,1): warning C4828: オフセット 0x711 から始まる、現在のソースの文字セット (コードページ 65001) では使用できない文字がファイルに含まれています。
C:\Users\Norihiko Tanaka\Documents\_広田研関連\2021\pinarray\MouseAnalogScale-OpenGL\RandPat2\test5.cpp(1,1): warning C4828: オフセット 0x712 から始まる、現在のソースの文字セット (コードページ 65001) では使用できない文字がファイルに含まれています。
C:\Users\Norihiko Tanaka\Documents\_広田研関連\2021\pinarray\MouseAnalogScale-OpenGL\RandPat2\test5.cpp(1,1): warning C4828: オフセット 0x713 から始まる、現在のソースの文字セット (コードページ 65001) では使用できない文字がファイルに含まれています。
C:\Users\Norihiko Tanaka\Documents\_広田研関連\2021\pinarray\MouseAnalogScale-OpenGL\RandPat2\test5.cpp(1,1): warning C4828: オフセット 0x717 から始まる、現在のソースの文字セット (コードページ 65001) では使用できない文字がファイルに含まれています。
C:\Users\Norihiko Tanaka\Documents\_広田研関連\2021\pinarray\MouseAnalogScale-OpenGL\RandPat2\test5.cpp(1,1): warning C4828: オフセット 0x718 から始まる、現在のソースの文字セット (コードページ 65001) では使用できない文字がファイルに含まれています。
C:\Users\Norihiko Tanaka\Documents\_広田研関連\2021\pinarray\MouseAnalogScale-OpenGL\RandPat2\test5.cpp(1,1): warning C4828: オフセット 0x765 から始まる、現在のソースの文字セット (コードページ 65001) では使用できない文字がファイルに含まれています。
C:\Users\Norihiko Tanaka\Documents\_広田研関連\2021\pinarray\MouseAnalogScale-OpenGL\RandPat2\test5.cpp(1,1): warning C4828: オフセット 0x818 から始まる、現在のソースの文字セット (コードページ 65001) では使用できない文字がファイルに含まれています。
C:\Users\Norihiko Tanaka\Documents\_広田研関連\2021\pinarray\MouseAnalogScale-OpenGL\RandPat2\test5.cpp(1,1): warning C4828: オフセット 0x8d5 から始まる、現在のソースの文字セット (コードページ 65001) では使用できない文字がファイルに含まれています。
C:\Users\Norihiko Tanaka\Documents\_広田研関連\2021\pinarray\MouseAnalogScale-OpenGL\RandPat2\test5.cpp(1,1): warning C4828: オフセット 0x8d6 から始まる、現在のソースの文字セット (コードページ 65001) では使用できない文字がファイルに含まれています。
C:\Users\Norihiko Tanaka\Documents\_広田研関連\2021\pinarray\MouseAnalogScale-OpenGL\RandPat2\test5.cpp(1,1): warning C4828: オフセット 0x8d7 から始まる、現在のソースの文字セット (コードページ 65001) では使用できない文字がファイルに含まれています。
C:\Users\Norihiko Tanaka\Documents\_広田研関連\2021\pinarray\MouseAnalogScale-OpenGL\RandPat2\test5.cpp(1,1): warning C4828: オフセット 0x8d8 から始まる、現在のソースの文字セット (コードページ 65001) では使用できない文字がファイルに含まれています。
C:\Users\Norihiko Tanaka\Documents\_広田研関連\2021\pinarray\MouseAnalogScale-OpenGL\RandPat2\test5.cpp(1,1): warning C4828: オフセット 0x8d9 から始まる、現在のソースの文字セット (コードページ 65001) では使用できない文字がファイルに含まれています。
C:\Users\Norihiko Tanaka\Documents\_広田研関連\2021\pinarray\MouseAnalogScale-OpenGL\RandPat2\test5.cpp(1,1): warning C4828: オフセット 0x8dd から始まる、現在のソースの文字セット (コードページ 65001) では使用できない文字がファイルに含まれています。
C:\Users\Norihiko Tanaka\Documents\_広田研関連\2021\pinarray\MouseAnalogScale-OpenGL\RandPat2\test5.cpp(1,1): warning C4828: オフセット 0x8de から始まる、現在のソースの文字セット (コードページ 65001) では使用できない文字がファイルに含まれています。
C:\Users\Norihiko Tanaka\Documents\_広田研関連\2021\pinarray\MouseAnalogScale-OpenGL\RandPat2\test5.cpp(1,1): warning C4828: オフセット 0xbde から始まる、現在のソースの文字セット (コードページ 65001) では使用できない文字がファイルに含まれています。
C:\Users\Norihiko Tanaka\Documents\_広田研関連\2021\pinarray\MouseAnalogScale-OpenGL\RandPat2\test5.cpp(1,1): warning C4828: オフセット 0xbe0 から始まる、現在のソースの文字セット (コードページ 65001) では使用できない文字がファイルに含まれています。
C:\Users\Norihiko Tanaka\Documents\_広田研関連\2021\pinarray\MouseAnalogScale-OpenGL\RandPat2\test5.cpp(1,1): warning C4828: オフセット 0xbe2 から始まる、現在のソースの文字セット (コードページ 65001) では使用できない文字がファイルに含まれています。
C:\Users\Norihiko Tanaka\Documents\_広田研関連\2021\pinarray\MouseAnalogScale-OpenGL\RandPat2\test5.cpp(1,1): warning C4828: オフセット 0xbe3 から始まる、現在のソースの文字セット (コードページ 65001) では使用できない文字がファイルに含まれています。
C:\Users\Norihiko Tanaka\Documents\_広田研関連\2021\pinarray\MouseAnalogScale-OpenGL\RandPat2\test5.cpp(1,1): warning C4828: オフセット 0xbe4 から始まる、現在のソースの文字セット (コードページ 65001) では使用できない文字がファイルに含まれています。
C:\Users\Norihiko Tanaka\Documents\_広田研関連\2021\pinarray\MouseAnalogScale-OpenGL\RandPat2\test5.cpp(1,1): warning C4828: オフセット 0xbe6 から始まる、現在のソースの文字セット (コードページ 65001) では使用できない文字がファイルに含まれています。
C:\Users\Norihiko Tanaka\Documents\_広田研関連\2021\pinarray\MouseAnalogScale-OpenGL\RandPat2\test5.cpp(1,1): warning C4828: オフセット 0xbe8 から始まる、現在のソースの文字セット (コードページ 65001) では使用できない文字がファイルに含まれています。
C:\Users\Norihiko Tanaka\Documents\_広田研関連\2021\pinarray\MouseAnalogScale-OpenGL\RandPat2\test5.cpp(1,1): warning C4828: オフセット 0xbea から始まる、現在のソースの文字セット (コードページ 65001) では使用できない文字がファイルに含まれています。
C:\Users\Norihiko Tanaka\Documents\_広田研関連\2021\pinarray\MouseAnalogScale-OpenGL\RandPat2\test5.cpp(1,1): warning C4828: オフセット 0xbed から始まる、現在のソースの文字セット (コードページ 65001) では使用できない文字がファイルに含まれています。
C:\Users\Norihiko Tanaka\Documents\_広田研関連\2021\pinarray\MouseAnalogScale-OpenGL\RandPat2\test5.cpp(1,1): warning C4828: オフセット 0xbf1 から始まる、現在のソースの文字セット (コードページ 65001) では使用できない文字がファイルに含まれています。
C:\Users\Norihiko Tanaka\Documents\_広田研関連\2021\pinarray\MouseAnalogScale-OpenGL\RandPat2\test5.cpp(1,1): warning C4828: オフセット 0xbf2 から始まる、現在のソースの文字セット (コードページ 65001) では使用できない文字がファイルに含まれています。
C:\Users\Norihiko Tanaka\Documents\_広田研関連\2021\pinarray\MouseAnalogScale-OpenGL\RandPat2\test5.cpp(1,1): warning C4828: オフセット 0xbf4 から始まる、現在のソースの文字セット (コードページ 65001) では使用できない文字がファイルに含まれています。
C:\Users\Norihiko Tanaka\Documents\_広田研関連\2021\pinarray\MouseAnalogScale-OpenGL\RandPat2\test5.cpp(1,1): warning C4828: オフセット 0xbf6 から始まる、現在のソースの文字セット (コードページ 65001) では使用できない文字がファイルに含まれています。
C:\Users\Norihiko Tanaka\Documents\_広田研関連\2021\pinarray\MouseAnalogScale-OpenGL\RandPat2\test5.cpp(1,1): warning C4828: オフセット 0xbf8 から始まる、現在のソースの文字セット (コードページ 65001) では使用できない文字がファイルに含まれています。
C:\Users\Norihiko Tanaka\Documents\_広田研関連\2021\pinarray\MouseAnalogScale-OpenGL\RandPat2\test5.cpp(1,1): warning C4828: オフセット 0xbfa から始まる、現在のソースの文字セット (コードページ 65001) では使用できない文字がファイルに含まれています。
C:\Users\Norihiko Tanaka\Documents\_広田研関連\2021\pinarray\MouseAnalogScale-OpenGL\RandPat2\test5.cpp(1,1): warning C4828: オフセット 0xbfd から始まる、現在のソースの文字セット (コードページ 65001) では使用できない文字がファイルに含まれています。
C:\Users\Norihiko Tanaka\Documents\_広田研関連\2021\pinarray\MouseAnalogScale-OpenGL\RandPat2\test5.cpp(1,1): warning C4828: オフセット 0xbfe から始まる、現在のソースの文字セット (コードページ 65001) では使用できない文字がファイルに含まれています。
C:\Users\Norihiko Tanaka\Documents\_広田研関連\2021\pinarray\MouseAnalogScale-OpenGL\RandPat2\test5.cpp(1,1): warning C4828: オフセット 0xbff から始まる、現在のソースの文字セット (コードページ 65001) では使用できない文字がファイルに含まれています。
C:\Users\Norihiko Tanaka\Documents\_広田研関連\2021\pinarray\MouseAnalogScale-OpenGL\RandPat2\test5.cpp(1,1): warning C4828: オフセット 0xc23 から始まる、現在のソースの文字セット (コードページ 65001) では使用できない文字がファイルに含まれています。
C:\Users\Norihiko Tanaka\Documents\_広田研関連\2021\pinarray\MouseAnalogScale-OpenGL\RandPat2\test5.cpp(1,1): warning C4828: オフセット 0xc26 から始まる、現在のソースの文字セット (コードページ 65001) では使用できない文字がファイルに含まれています。
C:\Users\Norihiko Tanaka\Documents\_広田研関連\2021\pinarray\MouseAnalogScale-OpenGL\RandPat2\test5.cpp(1,1): warning C4828: オフセット 0xc27 から始まる、現在のソースの文字セット (コードページ 65001) では使用できない文字がファイルに含まれています。
C:\Users\Norihiko Tanaka\Documents\_広田研関連\2021\pinarray\MouseAnalogScale-OpenGL\RandPat2\test5.cpp(1,1): warning C4828: オフセット 0xc29 から始まる、現在のソースの文字セット (コードページ 65001) では使用できない文字がファイルに含まれています。
C:\Users\Norihiko Tanaka\Documents\_広田研関連\2021\pinarray\MouseAnalogScale-OpenGL\RandPat2\test5.cpp(1,1): warning C4828: オフセット 0xc2a から始まる、現在のソースの文字セット (コードページ 65001) では使用できない文字がファイルに含まれています。
C:\Users\Norihiko Tanaka\Documents\_広田研関連\2021\pinarray\MouseAnalogScale-OpenGL\RandPat2\test5.cpp(1,1): warning C4828: オフセット 0xc2e から始まる、現在のソースの文字セット (コードページ 65001) では使用できない文字がファイルに含まれています。
C:\Users\Norihiko Tanaka\Documents\_広田研関連\2021\pinarray\MouseAnalogScale-OpenGL\RandPat2\test5.cpp(1,1): warning C4828: オフセット 0xc2f から始まる、現在のソースの文字セット (コードページ 65001) では使用できない文字がファイルに含まれています。
C:\Users\Norihiko Tanaka\Documents\_広田研関連\2021\pinarray\MouseAnalogScale-OpenGL\RandPat2\test5.cpp(1,1): warning C4828: オフセット 0xc30 から始まる、現在のソースの文字セット (コードページ 65001) では使用できない文字がファイルに含まれています。
C:\Users\Norihiko Tanaka\Documents\_広田研関連\2021\pinarray\MouseAnalogScale-OpenGL\RandPat2\test5.cpp(1,1): warning C4828: オフセット 0xc31 から始まる、現在のソースの文字セット (コードページ 65001) では使用できない文字がファイルに含まれています。
C:\Users\Norihiko Tanaka\Documents\_広田研関連\2021\pinarray\MouseAnalogScale-OpenGL\RandPat2\test5.cpp(1,1): warning C4828: オフセット 0xc32 から始まる、現在のソースの文字セット (コードページ 65001) では使用できない文字がファイルに含まれています。
C:\Users\Norihiko Tanaka\Documents\_広田研関連\2021\pinarray\MouseAnalogScale-OpenGL\RandPat2\test5.cpp(1,1): warning C4828: オフセット 0xc50 から始まる、現在のソースの文字セット (コードページ 65001) では使用できない文字がファイルに含まれています。
C:\Users\Norihiko Tanaka\Documents\_広田研関連\2021\pinarray\MouseAnalogScale-OpenGL\RandPat2\test5.cpp(1,1): warning C4828: オフセット 0xc52 から始まる、現在のソースの文字セット (コードページ 65001) では使用できない文字がファイルに含まれています。
C:\Users\Norihiko Tanaka\Documents\_広田研関連\2021\pinarray\MouseAnalogScale-OpenGL\RandPat2\test5.cpp(1,1): warning C4828: オフセット 0xc54 から始まる、現在のソースの文字セット (コードページ 65001) では使用できない文字がファイルに含まれています。
C:\Users\Norihiko Tanaka\Documents\_広田研関連\2021\pinarray\MouseAnalogScale-OpenGL\RandPat2\test5.cpp(1,1): warning C4828: オフセット 0xc55 から始まる、現在のソースの文字セット (コードページ 65001) では使用できない文字がファイルに含まれています。
C:\Users\Norihiko Tanaka\Documents\_広田研関連\2021\pinarray\MouseAnalogScale-OpenGL\RandPat2\test5.cpp(1,1): warning C4828: オフセット 0xc56 から始まる、現在のソースの文字セット (コードページ 65001) では使用できない文字がファイルに含まれています。
C:\Users\Norihiko Tanaka\Documents\_広田研関連\2021\pinarray\MouseAnalogScale-OpenGL\RandPat2\test5.cpp(1,1): warning C4828: オフセット 0xc58 から始まる、現在のソースの文字セット (コードページ 65001) では使用できない文字がファイルに含まれています。
C:\Users\Norihiko Tanaka\Documents\_広田研関連\2021\pinarray\MouseAnalogScale-OpenGL\RandPat2\test5.cpp(1,1): warning C4828: オフセット 0xc59 から始まる、現在のソースの文字セット (コードページ 65001) では使用できない文字がファイルに含まれています。
C:\Users\Norihiko Tanaka\Documents\_広田研関連\2021\pinarray\MouseAnalogScale-OpenGL\RandPat2\test5.cpp(1,1): warning C4828: オフセット 0xc5a から始まる、現在のソースの文字セット (コードページ 65001) では使用できない文字がファイルに含まれています。
C:\Users\Norihiko Tanaka\Documents\_広田研関連\2021\pinarray\MouseAnalogScale-OpenGL\RandPat2\test5.cpp(1,1): warning C4828: オフセット 0xc5b から始まる、現在のソースの文字セット (コードページ 65001) では使用できない文字がファイルに含まれています。
C:\Users\Norihiko Tanaka\Documents\_広田研関連\2021\pinarray\MouseAnalogScale-OpenGL\RandPat2\test5.cpp(1,1): warning C4828: オフセット 0xc5e から始まる、現在のソースの文字セット (コードページ 65001) では使用できない文字がファイルに含まれています。
C:\Users\Norihiko Tanaka\Documents\_広田研関連\2021\pinarray\MouseAnalogScale-OpenGL\RandPat2\test5.cpp(1,1): warning C4828: オフセット 0xc5f から始まる、現在のソースの文字セット (コードページ 65001) では使用できない文字がファイルに含まれています。
C:\Users\Norihiko Tanaka\Documents\_広田研関連\2021\pinarray\MouseAnalogScale-OpenGL\RandPat2\test5.cpp(1,1): warning C4828: オフセット 0xc60 から始まる、現在のソースの文字セット (コードページ 65001) では使用できない文字がファイルに含まれています。
C:\Users\Norihiko Tanaka\Documents\_広田研関連\2021\pinarray\MouseAnalogScale-OpenGL\RandPat2\test5.cpp(1,1): warning C4828: オフセット 0xc62 から始まる、現在のソースの文字セット (コードページ 65001) では使用できない文字がファイルに含まれています。
C:\Users\Norihiko Tanaka\Documents\_広田研関連\2021\pinarray\MouseAnalogScale-OpenGL\RandPat2\test5.cpp(1,1): warning C4828: オフセット 0xc64 から始まる、現在のソースの文字セット (コードページ 65001) では使用できない文字がファイルに含まれています。
C:\Users\Norihiko Tanaka\Documents\_広田研関連\2021\pinarray\MouseAnalogScale-OpenGL\RandPat2\test5.cpp(1,1): warning C4828: オフセット 0xc65 から始まる、現在のソースの文字セット (コードページ 65001) では使用できない文字がファイルに含まれています。
C:\Users\Norihiko Tanaka\Documents\_広田研関連\2021\pinarray\MouseAnalogScale-OpenGL\RandPat2\test5.cpp(1,1): warning C4828: オフセット 0xc6a から始まる、現在のソースの文字セット (コードページ 65001) では使用できない文字がファイルに含まれています。
C:\Users\Norihiko Tanaka\Documents\_広田研関連\2021\pinarray\MouseAnalogScale-OpenGL\RandPat2\test5.cpp(1,1): warning C4828: オフセット 0xc6c から始まる、現在のソースの文字セット (コードページ 65001) では使用できない文字がファイルに含まれています。
C:\Users\Norihiko Tanaka\Documents\_広田研関連\2021\pinarray\MouseAnalogScale-OpenGL\RandPat2\test5.cpp(1,1): warning C4828: オフセット 0xc6f から始まる、現在のソースの文字セット (コードページ 65001) では使用できない文字がファイルに含まれています。
C:\Users\Norihiko Tanaka\Documents\_広田研関連\2021\pinarray\MouseAnalogScale-OpenGL\RandPat2\test5.cpp(1,1): warning C4828: オフセット 0xc70 から始まる、現在のソースの文字セット (コードページ 65001) では使用できない文字がファイルに含まれています。
C:\Users\Norihiko Tanaka\Documents\_広田研関連\2021\pinarray\MouseAnalogScale-OpenGL\RandPat2\test5.cpp(1,1): warning C4828: オフセット 0xc72 から始まる、現在のソースの文字セット (コードページ 65001) では使用できない文字がファイルに含まれています。
C:\Users\Norihiko Tanaka\Documents\_広田研関連\2021\pinarray\MouseAnalogScale-OpenGL\RandPat2\test5.cpp(1,1): warning C4828: オフセット 0xc74 から始まる、現在のソースの文字セット (コードページ 65001) では使用できない文字がファイルに含まれています。
C:\Users\Norihiko Tanaka\Documents\_広田研関連\2021\pinarray\MouseAnalogScale-OpenGL\RandPat2\test5.cpp(1,1): warning C4828: オフセット 0xc77 から始まる、現在のソースの文字セット (コードページ 65001) では使用できない文字がファイルに含まれています。
C:\Users\Norihiko Tanaka\Documents\_広田研関連\2021\pinarray\MouseAnalogScale-OpenGL\RandPat2\test5.cpp(1,1): warning C4828: オフセット 0xc7a から始まる、現在のソースの文字セット (コードページ 65001) では使用できない文字がファイルに含まれています。
C:\Users\Norihiko Tanaka\Documents\_広田研関連\2021\pinarray\MouseAnalogScale-OpenGL\RandPat2\test5.cpp(1,1): warning C4828: オフセット 0xc7b から始まる、現在のソースの文字セット (コードページ 65001) では使用できない文字がファイルに含まれています。
C:\Users\Norihiko Tanaka\Documents\_広田研関連\2021\pinarray\MouseAnalogScale-OpenGL\RandPat2\test5.cpp(1,1): warning C4828: オフセット 0xc7c から始まる、現在のソースの文字セット (コードページ 65001) では使用できない文字がファイルに含まれています。
C:\Users\Norihiko Tanaka\Documents\_広田研関連\2021\pinarray\MouseAnalogScale-OpenGL\RandPat2\test5.cpp(1,1): warning C4828: オフセット 0xc7d から始まる、現在のソースの文字セット (コードページ 65001) では使用できない文字がファイルに含まれています。
C:\Users\Norihiko Tanaka\Documents\_広田研関連\2021\pinarray\MouseAnalogScale-OpenGL\RandPat2\test5.cpp(1,1): warning C4828: オフセット 0xc7e から始まる、現在のソースの文字セット (コードページ 65001) では使用できない文字がファイルに含まれています。
C:\Users\Norihiko Tanaka\Documents\_広田研関連\2021\pinarray\MouseAnalogScale-OpenGL\RandPat2\test5.cpp(1,1): warning C4828: オフセット 0xc7f から始まる、現在のソースの文字セット (コードページ 65001) では使用できない文字がファイルに含まれています。
C:\Users\Norihiko Tanaka\Documents\_広田研関連\2021\pinarray\MouseAnalogScale-OpenGL\RandPat2\test5.cpp(1,1): warning C4828: オフセット 0xf20 から始まる、現在のソースの文字セット (コードページ 65001) では使用できない文字がファイルに含まれています。
C:\Users\Norihiko Tanaka\Documents\_広田研関連\2021\pinarray\MouseAnalogScale-OpenGL\RandPat2\test5.cpp(1,1): warning C4828: オフセット 0xf24 から始まる、現在のソースの文字セット (コードページ 65001) では使用できない文字がファイルに含まれています。
C:\Users\Norihiko Tanaka\Documents\_広田研関連\2021\pinarray\MouseAnalogScale-OpenGL\RandPat2\test5.cpp(1,1): warning C4828: オフセット 0xf26 から始まる、現在のソースの文字セット (コードページ 65001) では使用できない文字がファイルに含まれています。
C:\Users\Norihiko Tanaka\Documents\_広田研関連\2021\pinarray\MouseAnalogScale-OpenGL\RandPat2\test5.cpp(1,1): warning C4828: オフセット 0xf27 から始まる、現在のソースの文字セット (コードページ 65001) では使用できない文字がファイルに含まれています。
C:\Users\Norihiko Tanaka\Documents\_広田研関連\2021\pinarray\MouseAnalogScale-OpenGL\RandPat2\test5.cpp(1,1): warning C4828: オフセット 0xf28 から始まる、現在のソースの文字セット (コードページ 65001) では使用できない文字がファイルに含まれています。
C:\Users\Norihiko Tanaka\Documents\_広田研関連\2021\pinarray\MouseAnalogScale-OpenGL\RandPat2\test5.cpp(1,1): warning C4828: オフセット 0xf2a から始まる、現在のソースの文字セット (コードページ 65001) では使用できない文字がファイルに含まれています。
C:\Users\Norihiko Tanaka\Documents\_広田研関連\2021\pinarray\MouseAnalogScale-OpenGL\RandPat2\test5.cpp(1,1): warning C4828: オフセット 0xf2c から始まる、現在のソースの文字セット (コードページ 65001) では使用できない文字がファイルに含まれています。
C:\Users\Norihiko Tanaka\Documents\_広田研関連\2021\pinarray\MouseAnalogScale-OpenGL\RandPat2\test5.cpp(1,1): warning C4828: オフセット 0xf2e から始まる、現在のソースの文字セット (コードページ 65001) では使用できない文字がファイルに含まれています。
C:\Users\Norihiko Tanaka\Documents\_広田研関連\2021\pinarray\MouseAnalogScale-OpenGL\RandPat2\test5.cpp(1,1): warning C4828: オフセット 0xf30 から始まる、現在のソースの文字セット (コードページ 65001) では使用できない文字がファイルに含まれています。
C:\Users\Norihiko Tanaka\Documents\_広田研関連\2021\pinarray\MouseAnalogScale-OpenGL\RandPat2\test5.cpp(1,1): warning C4828: オフセット 0xf32 から始まる、現在のソースの文字セット (コードページ 65001) では使用できない文字がファイルに含まれています。
C:\Users\Norihiko Tanaka\Documents\_広田研関連\2021\pinarray\MouseAnalogScale-OpenGL\RandPat2\test5.cpp(1,1): warning C4828: オフセット 0xf33 から始まる、現在のソースの文字セット (コードページ 65001) では使用できない文字がファイルに含まれています。
C:\Users\Norihiko Tanaka\Documents\_広田研関連\2021\pinarray\MouseAnalogScale-OpenGL\RandPat2\test5.cpp(1,1): warning C4828: オフセット 0xf36 から始まる、現在のソースの文字セット (コードページ 65001) では使用できない文字がファイルに含まれています。
C:\Users\Norihiko Tanaka\Documents\_広田研関連\2021\pinarray\MouseAnalogScale-OpenGL\RandPat2\test5.cpp(1,1): warning C4828: オフセット 0xf38 から始まる、現在のソースの文字セット (コードページ 65001) では使用できない文字がファイルに含まれています。
C:\Users\Norihiko Tanaka\Documents\_広田研関連\2021\pinarray\MouseAnalogScale-OpenGL\RandPat2\test5.cpp(1,1): warning C4828: オフセット 0xf3a から始まる、現在のソースの文字セット (コードページ 65001) では使用できない文字がファイルに含まれています。
C:\Users\Norihiko Tanaka\Documents\_広田研関連\2021\pinarray\MouseAnalogScale-OpenGL\RandPat2\test5.cpp(1,1): warning C4828: オフセット 0xf3c から始まる、現在のソースの文字セット (コードページ 65001) では使用できない文字がファイルに含まれています。
C:\Users\Norihiko Tanaka\Documents\_広田研関連\2021\pinarray\MouseAnalogScale-OpenGL\RandPat2\test5.cpp(1,1): warning C4828: オフセット 0xf3d から始まる、現在のソースの文字セット (コードページ 65001) では使用できない文字がファイルに含まれています。
C:\Users\Norihiko Tanaka\Documents\_広田研関連\2021\pinarray\MouseAnalogScale-OpenGL\RandPat2\test5.cpp(1,1): warning C4828: オフセット 0xf3e から始まる、現在のソースの文字セット (コードページ 65001) では使用できない文字がファイルに含まれています。
C:\Users\Norihiko Tanaka\Documents\_広田研関連\2021\pinarray\MouseAnalogScale-OpenGL\RandPat2\test5.cpp(1,1): warning C4828: オフセット 0xff0 から始まる、現在のソースの文字セット (コードページ 65001) では使用できない文字がファイルに含まれています。
C:\Users\Norihiko Tanaka\Documents\_広田研関連\2021\pinarray\MouseAnalogScale-OpenGL\RandPat2\test5.cpp(1,1): warning C4828: オフセット 0xff1 から始まる、現在のソースの文字セット (コードページ 65001) では使用できない文字がファイルに含まれています。
C:\Users\Norihiko Tanaka\Documents\_広田研関連\2021\pinarray\MouseAnalogScale-OpenGL\RandPat2\test5.cpp(1,1): warning C4828: オフセット 0xff2 から始まる、現在のソースの文字セット (コードページ 65001) では使用できない文字がファイルに含まれています。
C:\Users\Norihiko Tanaka\Documents\_広田研関連\2021\pinarray\MouseAnalogScale-OpenGL\RandPat2\test5.cpp(1,1): warning C4828: オフセット 0xff3 から始まる、現在のソースの文字セット (コードページ 65001) では使用できない文字がファイルに含まれています。
C:\Users\Norihiko Tanaka\Documents\_広田研関連\2021\pinarray\MouseAnalogScale-OpenGL\RandPat2\test5.cpp(1,1): warning C4828: オフセット 0xff4 から始まる、現在のソースの文字セット (コードページ 65001) では使用できない文字がファイルに含まれています。
C:\Users\Norihiko Tanaka\Documents\_広田研関連\2021\pinarray\MouseAnalogScale-OpenGL\RandPat2\test5.cpp(1,1): warning C4828: オフセット 0xff5 から始まる、現在のソースの文字セット (コードページ 65001) では使用できない文字がファイルに含まれています。
C:\Users\Norihiko Tanaka\Documents\_広田研関連\2021\pinarray\MouseAnalogScale-OpenGL\RandPat2\test5.cpp(1,1): warning C4828: オフセット 0xff6 から始まる、現在のソースの文字セット (コードページ 65001) では使用できない文字がファイルに含まれています。
C:\Users\Norihiko Tanaka\Documents\_広田研関連\2021\pinarray\MouseAnalogScale-OpenGL\RandPat2\test5.cpp(1,1): warning C4828: オフセット 0xff7 から始まる、現在のソースの文字セット (コードページ 65001) では使用できない文字がファイルに含まれています。
C:\Users\Norihiko Tanaka\Documents\_広田研関連\2021\pinarray\MouseAnalogScale-OpenGL\RandPat2\test5.cpp(1,1): warning C4828: オフセット 0xff8 から始まる、現在のソースの文字セット (コードページ 65001) では使用できない文字がファイルに含まれています。
C:\Users\Norihiko Tanaka\Documents\_広田研関連\2021\pinarray\MouseAnalogScale-OpenGL\RandPat2\test5.cpp(1,1): warning C4828: オフセット 0xffa から始まる、現在のソースの文字セット (コードページ 65001) では使用できない文字がファイルに含まれています。
C:\Users\Norihiko Tanaka\Documents\_広田研関連\2021\pinarray\MouseAnalogScale-OpenGL\RandPat2\test5.cpp(1,1): warning C4828: オフセット 0xfff から始まる、現在のソースの文字セット (コードページ 65001) では使用できない文字がファイルに含まれています。
C:\Users\Norihiko Tanaka\Documents\_広田研関連\2021\pinarray\MouseAnalogScale-OpenGL\RandPat2\test5.cpp(1,1): warning C4828: オフセット 0x11f0 から始まる、現在のソースの文字セット (コードページ 65001) では使用できない文字がファイルに含まれています。
C:\Users\Norihiko Tanaka\Documents\_広田研関連\2021\pinarray\MouseAnalogScale-OpenGL\RandPat2\test5.cpp(1,1): warning C4828: オフセット 0x11f4 から始まる、現在のソースの文字セット (コードページ 65001) では使用できない文字がファイルに含まれています。
C:\Users\Norihiko Tanaka\Documents\_広田研関連\2021\pinarray\MouseAnalogScale-OpenGL\RandPat2\test5.cpp(1,1): warning C4828: オフセット 0x11f7 から始まる、現在のソースの文字セット (コードページ 65001) では使用できない文字がファイルに含まれています。
C:\Users\Norihiko Tanaka\Documents\_広田研関連\2021\pinarray\MouseAnalogScale-OpenGL\RandPat2\test5.cpp(1,1): warning C4828: オフセット 0x11f8 から始まる、現在のソースの文字セット (コードページ 65001) では使用できない文字がファイルに含まれています。
C:\Users\Norihiko Tanaka\Documents\_広田研関連\2021\pinarray\MouseAnalogScale-OpenGL\RandPat2\test5.cpp(1,1): warning C4828: オフセット 0x11fa から始まる、現在のソースの文字セット (コードページ 65001) では使用できない文字がファイルに含まれています。
C:\Users\Norihiko Tanaka\Documents\_広田研関連\2021\pinarray\MouseAnalogScale-OpenGL\RandPat2\test5.cpp(1,1): warning C4828: オフセット 0x11fc から始まる、現在のソースの文字セット (コードページ 65001) では使用できない文字がファイルに含まれています。
C:\Users\Norihiko Tanaka\Documents\_広田研関連\2021\pinarray\MouseAnalogScale-OpenGL\RandPat2\test5.cpp(1,1): warning C4828: オフセット 0x11fe から始まる、現在のソースの文字セット (コードページ 65001) では使用できない文字がファイルに含まれています。
C:\Users\Norihiko Tanaka\Documents\_広田研関連\2021\pinarray\MouseAnalogScale-OpenGL\RandPat2\test5.cpp(1,1): warning C4828: オフセット 0x11ff から始まる、現在のソースの文字セット (コードページ 65001) では使用できない文字がファイルに含まれています。
C:\Users\Norihiko Tanaka\Documents\_広田研関連\2021\pinarray\MouseAnalogScale-OpenGL\RandPat2\test5.cpp(1,1): warning C4828: オフセット 0x1200 から始まる、現在のソースの文字セット (コードページ 65001) では使用できない文字がファイルに含まれています。
C:\Users\Norihiko Tanaka\Documents\_広田研関連\2021\pinarray\MouseAnalogScale-OpenGL\RandPat2\test5.cpp(1,1): warning C4828: オフセット 0x1202 から始まる、現在のソースの文字セット (コードページ 65001) では使用できない文字がファイルに含まれています。
C:\Users\Norihiko Tanaka\Documents\_広田研関連\2021\pinarray\MouseAnalogScale-OpenGL\RandPat2\test5.cpp(1,1): warning C4828: オフセット 0x1203 から始まる、現在のソースの文字セット (コードページ 65001) では使用できない文字がファイルに含まれています。
C:\Users\Norihiko Tanaka\Documents\_広田研関連\2021\pinarray\MouseAnalogScale-OpenGL\RandPat2\test5.cpp(1,1): warning C4828: オフセット 0x1207 から始まる、現在のソースの文字セット (コードページ 65001) では使用できない文字がファイルに含まれています。
C:\Users\Norihiko Tanaka\Documents\_広田研関連\2021\pinarray\MouseAnalogScale-OpenGL\RandPat2\test5.cpp(1,1): warning C4828: オフセット 0x129a から始まる、現在のソースの文字セット (コードページ 65001) では使用できない文字がファイルに含まれています。
C:\Users\Norihiko Tanaka\Documents\_広田研関連\2021\pinarray\MouseAnalogScale-OpenGL\RandPat2\test5.cpp(1,1): warning C4828: オフセット 0x129c から始まる、現在のソースの文字セット (コードページ 65001) では使用できない文字がファイルに含まれています。
C:\Users\Norihiko Tanaka\Documents\_広田研関連\2021\pinarray\MouseAnalogScale-OpenGL\RandPat2\test5.cpp(1,1): warning C4828: オフセット 0x129d から始まる、現在のソースの文字セット (コードページ 65001) では使用できない文字がファイルに含まれています。
C:\Users\Norihiko Tanaka\Documents\_広田研関連\2021\pinarray\MouseAnalogScale-OpenGL\RandPat2\test5.cpp(1,1): warning C4828: オフセット 0x129e から始まる、現在のソースの文字セット (コードページ 65001) では使用できない文字がファイルに含まれています。
C:\Users\Norihiko Tanaka\Documents\_広田研関連\2021\pinarray\MouseAnalogScale-OpenGL\RandPat2\test5.cpp(1,1): warning C4828: オフセット 0x129f から始まる、現在のソースの文字セット (コードページ 65001) では使用できない文字がファイルに含まれています。
C:\Users\Norihiko Tanaka\Documents\_広田研関連\2021\pinarray\MouseAnalogScale-OpenGL\RandPat2\test5.cpp(1,1): warning C4828: オフセット 0x12a0 から始まる、現在のソースの文字セット (コードページ 65001) では使用できない文字がファイルに含まれています。
C:\Users\Norihiko Tanaka\Documents\_広田研関連\2021\pinarray\MouseAnalogScale-OpenGL\RandPat2\test5.cpp(1,1): warning C4828: オフセット 0x12a2 から始まる、現在のソースの文字セット (コードページ 65001) では使用できない文字がファイルに含まれています。
C:\Users\Norihiko Tanaka\Documents\_広田研関連\2021\pinarray\MouseAnalogScale-OpenGL\RandPat2\test5.cpp(1,1): warning C4828: オフセット 0x12a4 から始まる、現在のソースの文字セット (コードページ 65001) では使用できない文字がファイルに含まれています。
C:\Users\Norihiko Tanaka\Documents\_広田研関連\2021\pinarray\MouseAnalogScale-OpenGL\RandPat2\test5.cpp(1,1): warning C4828: オフセット 0x139f から始まる、現在のソースの文字セット (コードページ 65001) では使用できない文字がファイルに含まれています。
C:\Users\Norihiko Tanaka\Documents\_広田研関連\2021\pinarray\MouseAnalogScale-OpenGL\RandPat2\test5.cpp(1,1): warning C4828: オフセット 0x13a0 から始まる、現在のソースの文字セット (コードページ 65001) では使用できない文字がファイルに含まれています。
C:\Users\Norihiko Tanaka\Documents\_広田研関連\2021\pinarray\MouseAnalogScale-OpenGL\RandPat2\test5.cpp(1,1): warning C4828: オフセット 0x13a1 から始まる、現在のソースの文字セット (コードページ 65001) では使用できない文字がファイルに含まれています。
C:\Users\Norihiko Tanaka\Documents\_広田研関連\2021\pinarray\MouseAnalogScale-OpenGL\RandPat2\test5.cpp(1,1): warning C4828: オフセット 0x13a6 から始まる、現在のソースの文字セット (コードページ 65001) では使用できない文字がファイルに含まれています。
C:\Users\Norihiko Tanaka\Documents\_広田研関連\2021\pinarray\MouseAnalogScale-OpenGL\RandPat2\test5.cpp(1,1): warning C4828: オフセット 0x13a7 から始まる、現在のソースの文字セット (コードページ 65001) では使用できない文字がファイルに含まれています。
C:\Users\Norihiko Tanaka\Documents\_広田研関連\2021\pinarray\MouseAnalogScale-OpenGL\RandPat2\test5.cpp(1,1): warning C4828: オフセット 0x13a9 から始まる、現在のソースの文字セット (コードページ 65001) では使用できない文字がファイルに含まれています。
C:\Users\Norihiko Tanaka\Documents\_広田研関連\2021\pinarray\MouseAnalogScale-OpenGL\RandPat2\test5.cpp(1,1): warning C4828: オフセット 0x13ae から始まる、現在のソースの文字セット (コードページ 65001) では使用できない文字がファイルに含まれています。
C:\Users\Norihiko Tanaka\Documents\_広田研関連\2021\pinarray\MouseAnalogScale-OpenGL\RandPat2\test5.cpp(1,1): warning C4828: オフセット 0x144c から始まる、現在のソースの文字セット (コードページ 65001) では使用できない文字がファイルに含まれています。
C:\Users\Norihiko Tanaka\Documents\_広田研関連\2021\pinarray\MouseAnalogScale-OpenGL\RandPat2\test5.cpp(1,1): warning C4828: オフセット 0x1450 から始まる、現在のソースの文字セット (コードページ 65001) では使用できない文字がファイルに含まれています。
C:\Users\Norihiko Tanaka\Documents\_広田研関連\2021\pinarray\MouseAnalogScale-OpenGL\RandPat2\test5.cpp(1,1): warning C4828: オフセット 0x1452 から始まる、現在のソースの文字セット (コードページ 65001) では使用できない文字がファイルに含まれています。
C:\Users\Norihiko Tanaka\Documents\_広田研関連\2021\pinarray\MouseAnalogScale-OpenGL\RandPat2\test5.cpp(1,1): warning C4828: オフセット 0x1453 から始まる、現在のソースの文字セット (コードページ 65001) では使用できない文字がファイルに含まれています。
C:\Users\Norihiko Tanaka\Documents\_広田研関連\2021\pinarray\MouseAnalogScale-OpenGL\RandPat2\test5.cpp(1,1): warning C4828: オフセット 0x1454 から始まる、現在のソースの文字セット (コードページ 65001) では使用できない文字がファイルに含まれています。
C:\Users\Norihiko Tanaka\Documents\_広田研関連\2021\pinarray\MouseAnalogScale-OpenGL\RandPat2\test5.cpp(1,1): warning C4828: オフセット 0x1456 から始まる、現在のソースの文字セット (コードページ 65001) では使用できない文字がファイルに含まれています。
C:\Users\Norihiko Tanaka\Documents\_広田研関連\2021\pinarray\MouseAnalogScale-OpenGL\RandPat2\test5.cpp(1,1): warning C4828: オフセット 0x1458 から始まる、現在のソースの文字セット (コードページ 65001) では使用できない文字がファイルに含まれています。
C:\Users\Norihiko Tanaka\Documents\_広田研関連\2021\pinarray\MouseAnalogScale-OpenGL\RandPat2\test5.cpp(1,1): warning C4828: オフセット 0x145a から始まる、現在のソースの文字セット (コードページ 65001) では使用できない文字がファイルに含まれています。
C:\Users\Norihiko Tanaka\Documents\_広田研関連\2021\pinarray\MouseAnalogScale-OpenGL\RandPat2\test5.cpp(1,1): warning C4828: オフセット 0x145c から始まる、現在のソースの文字セット (コードページ 65001) では使用できない文字がファイルに含まれています。
C:\Users\Norihiko Tanaka\Documents\_広田研関連\2021\pinarray\MouseAnalogScale-OpenGL\RandPat2\test5.cpp(1,1): warning C4828: オフセット 0x145e から始まる、現在のソースの文字セット (コードページ 65001) では使用できない文字がファイルに含まれています。
C:\Users\Norihiko Tanaka\Documents\_広田研関連\2021\pinarray\MouseAnalogScale-OpenGL\RandPat2\test5.cpp(1,1): warning C4828: オフセット 0x145f から始まる、現在のソースの文字セット (コードページ 65001) では使用できない文字がファイルに含まれています。
C:\Users\Norihiko Tanaka\Documents\_広田研関連\2021\pinarray\MouseAnalogScale-OpenGL\RandPat2\test5.cpp(1,1): warning C4828: オフセット 0x1462 から始まる、現在のソースの文字セット (コードページ 65001) では使用できない文字がファイルに含まれています。
C:\Users\Norihiko Tanaka\Documents\_広田研関連\2021\pinarray\MouseAnalogScale-OpenGL\RandPat2\test5.cpp(1,1): warning C4828: オフセット 0x1464 から始まる、現在のソースの文字セット (コードページ 65001) では使用できない文字がファイルに含まれています。
C:\Users\Norihiko Tanaka\Documents\_広田研関連\2021\pinarray\MouseAnalogScale-OpenGL\RandPat2\test5.cpp(1,1): warning C4828: オフセット 0x1466 から始まる、現在のソースの文字セット (コードページ 65001) では使用できない文字がファイルに含まれています。
C:\Users\Norihiko Tanaka\Documents\_広田研関連\2021\pinarray\MouseAnalogScale-OpenGL\RandPat2\test5.cpp(1,1): warning C4828: オフセット 0x1468 から始まる、現在のソースの文字セット (コードページ 65001) では使用できない文字がファイルに含まれています。
C:\Users\Norihiko Tanaka\Documents\_広田研関連\2021\pinarray\MouseAnalogScale-OpenGL\RandPat2\test5.cpp(1,1): warning C4828: オフセット 0x1469 から始まる、現在のソースの文字セット (コードページ 65001) では使用できない文字がファイルに含まれています。
C:\Users\Norihiko Tanaka\Documents\_広田研関連\2021\pinarray\MouseAnalogScale-OpenGL\RandPat2\test5.cpp(1,1): warning C4828: オフセット 0x146a から始まる、現在のソースの文字セット (コードページ 65001) では使用できない文字がファイルに含まれています。
C:\Users\Norihiko Tanaka\Documents\_広田研関連\2021\pinarray\MouseAnalogScale-OpenGL\RandPat2\test5.cpp(1,1): warning C4828: オフセット 0x1520 から始まる、現在のソースの文字セット (コードページ 65001) では使用できない文字がファイルに含まれています。
C:\Users\Norihiko Tanaka\Documents\_広田研関連\2021\pinarray\MouseAnalogScale-OpenGL\RandPat2\test5.cpp(1,1): warning C4828: オフセット 0x1521 から始まる、現在のソースの文字セット (コードページ 65001) では使用できない文字がファイルに含まれています。
C:\Users\Norihiko Tanaka\Documents\_広田研関連\2021\pinarray\MouseAnalogScale-OpenGL\RandPat2\test5.cpp(1,1): warning C4828: オフセット 0x1522 から始まる、現在のソースの文字セット (コードページ 65001) では使用できない文字がファイルに含まれています。
C:\Users\Norihiko Tanaka\Documents\_広田研関連\2021\pinarray\MouseAnalogScale-OpenGL\RandPat2\test5.cpp(1,1): warning C4828: オフセット 0x1523 から始まる、現在のソースの文字セット (コードページ 65001) では使用できない文字がファイルに含まれています。
C:\Users\Norihiko Tanaka\Documents\_広田研関連\2021\pinarray\MouseAnalogScale-OpenGL\RandPat2\test5.cpp(1,1): warning C4828: オフセット 0x1524 から始まる、現在のソースの文字セット (コードページ 65001) では使用できない文字がファイルに含まれています。
C:\Users\Norihiko Tanaka\Documents\_広田研関連\2021\pinarray\MouseAnalogScale-OpenGL\RandPat2\test5.cpp(1,1): warning C4828: オフセット 0x1525 から始まる、現在のソースの文字セット (コードページ 65001) では使用できない文字がファイルに含まれています。
C:\Users\Norihiko Tanaka\Documents\_広田研関連\2021\pinarray\MouseAnalogScale-OpenGL\RandPat2\test5.cpp(1,1): warning C4828: オフセット 0x1526 から始まる、現在のソースの文字セット (コードページ 65001) では使用できない文字がファイルに含まれています。
C:\Users\Norihiko Tanaka\Documents\_広田研関連\2021\pinarray\MouseAnalogScale-OpenGL\RandPat2\test5.cpp(1,1): warning C4828: オフセット 0x1527 から始まる、現在のソースの文字セット (コードページ 65001) では使用できない文字がファイルに含まれています。
C:\Users\Norihiko Tanaka\Documents\_広田研関連\2021\pinarray\MouseAnalogScale-OpenGL\RandPat2\test5.cpp(1,1): warning C4828: オフセット 0x1528 から始まる、現在のソースの文字セット (コードページ 65001) では使用できない文字がファイルに含まれています。
C:\Users\Norihiko Tanaka\Documents\_広田研関連\2021\pinarray\MouseAnalogScale-OpenGL\RandPat2\test5.cpp(1,1): warning C4828: オフセット 0x152a から始まる、現在のソースの文字セット (コードページ 65001) では使用できない文字がファイルに含まれています。
C:\Users\Norihiko Tanaka\Documents\_広田研関連\2021\pinarray\MouseAnalogScale-OpenGL\RandPat2\test5.cpp(1,1): warning C4828: オフセット 0x152f から始まる、現在のソースの文字セット (コードページ 65001) では使用できない文字がファイルに含まれています。
C:\Users\Norihiko Tanaka\Documents\_広田研関連\2021\pinarray\MouseAnalogScale-OpenGL\RandPat2\test5.cpp(1,1): warning C4828: オフセット 0x1973 から始まる、現在のソースの文字セット (コードページ 65001) では使用できない文字がファイルに含まれています。
C:\Users\Norihiko Tanaka\Documents\_広田研関連\2021\pinarray\MouseAnalogScale-OpenGL\RandPat2\test5.cpp(1,1): warning C4828: オフセット 0x1980 から始まる、現在のソースの文字セット (コードページ 65001) では使用できない文字がファイルに含まれています。
C:\Users\Norihiko Tanaka\Documents\_広田研関連\2021\pinarray\MouseAnalogScale-OpenGL\RandPat2\test5.cpp(1,1): warning C4828: オフセット 0x1ad9 から始まる、現在のソースの文字セット (コードページ 65001) では使用できない文字がファイルに含まれています。
C:\Users\Norihiko Tanaka\Documents\_広田研関連\2021\pinarray\MouseAnalogScale-OpenGL\RandPat2\test5.cpp(1,1): warning C4828: オフセット 0x1adb から始まる、現在のソースの文字セット (コードページ 65001) では使用できない文字がファイルに含まれています。
C:\Users\Norihiko Tanaka\Documents\_広田研関連\2021\pinarray\MouseAnalogScale-OpenGL\RandPat2\test5.cpp(1,1): warning C4828: オフセット 0x1adc から始まる、現在のソースの文字セット (コードページ 65001) では使用できない文字がファイルに含まれています。
C:\Users\Norihiko Tanaka\Documents\_広田研関連\2021\pinarray\MouseAnalogScale-OpenGL\RandPat2\test5.cpp(1,1): warning C4828: オフセット 0x1add から始まる、現在のソースの文字セット (コードページ 65001) では使用できない文字がファイルに含まれています。
C:\Users\Norihiko Tanaka\Documents\_広田研関連\2021\pinarray\MouseAnalogScale-OpenGL\RandPat2\test5.cpp(1,1): warning C4828: オフセット 0x1ade から始まる、現在のソースの文字セット (コードページ 65001) では使用できない文字がファイルに含まれています。
C:\Users\Norihiko Tanaka\Documents\_広田研関連\2021\pinarray\MouseAnalogScale-OpenGL\RandPat2\test5.cpp(1,1): warning C4828: オフセット 0x1adf から始まる、現在のソースの文字セット (コードページ 65001) では使用できない文字がファイルに含まれています。
C:\Users\Norihiko Tanaka\Documents\_広田研関連\2021\pinarray\MouseAnalogScale-OpenGL\RandPat2\test5.cpp(1,1): warning C4828: オフセット 0x1ae1 から始まる、現在のソースの文字セット (コードページ 65001) では使用できない文字がファイルに含まれています。
C:\Users\Norihiko Tanaka\Documents\_広田研関連\2021\pinarray\MouseAnalogScale-OpenGL\RandPat2\test5.cpp(1,1): warning C4828: オフセット 0x1ae3 から始まる、現在のソースの文字セット (コードページ 65001) では使用できない文字がファイルに含まれています。
C:\Users\Norihiko Tanaka\Documents\_広田研関連\2021\pinarray\MouseAnalogScale-OpenGL\RandPat2\test5.cpp(1,1): warning C4828: オフセット 0x1bad から始まる、現在のソースの文字セット (コードページ 65001) では使用できない文字がファイルに含まれています。
C:\Users\Norihiko Tanaka\Documents\_広田研関連\2021\pinarray\MouseAnalogScale-OpenGL\RandPat2\test5.cpp(1,1): warning C4828: オフセット 0x1bae から始まる、現在のソースの文字セット (コードページ 65001) では使用できない文字がファイルに含まれています。
C:\Users\Norihiko Tanaka\Documents\_広田研関連\2021\pinarray\MouseAnalogScale-OpenGL\RandPat2\test5.cpp(1,1): warning C4828: オフセット 0x1baf から始まる、現在のソースの文字セット (コードページ 65001) では使用できない文字がファイルに含まれています。
C:\Users\Norihiko Tanaka\Documents\_広田研関連\2021\pinarray\MouseAnalogScale-OpenGL\RandPat2\test5.cpp(1,1): warning C4828: オフセット 0x1bb4 から始まる、現在のソースの文字セット (コードページ 65001) では使用できない文字がファイルに含まれています。
C:\Users\Norihiko Tanaka\Documents\_広田研関連\2021\pinarray\MouseAnalogScale-OpenGL\RandPat2\test5.cpp(1,1): warning C4828: オフセット 0x1bb5 から始まる、現在のソースの文字セット (コードページ 65001) では使用できない文字がファイルに含まれています。
C:\Users\Norihiko Tanaka\Documents\_広田研関連\2021\pinarray\MouseAnalogScale-OpenGL\RandPat2\test5.cpp(1,1): warning C4828: オフセット 0x1bb7 から始まる、現在のソースの文字セット (コードページ 65001) では使用できない文字がファイルに含まれています。
C:\Users\Norihiko Tanaka\Documents\_広田研関連\2021\pinarray\MouseAnalogScale-OpenGL\RandPat2\test5.cpp(1,1): warning C4828: オフセット 0x1bbc から始まる、現在のソースの文字セット (コードページ 65001) では使用できない文字がファイルに含まれています。
C:\Users\Norihiko Tanaka\Documents\_広田研関連\2021\pinarray\MouseAnalogScale-OpenGL\RandPat2\test5.cpp(1,1): warning C4828: オフセット 0x1d71 から始まる、現在のソースの文字セット (コードページ 65001) では使用できない文字がファイルに含まれています。
C:\Users\Norihiko Tanaka\Documents\_広田研関連\2021\pinarray\MouseAnalogScale-OpenGL\RandPat2\test5.cpp(1,1): warning C4828: オフセット 0x1d72 から始まる、現在のソースの文字セット (コードページ 65001) では使用できない文字がファイルに含まれています。
C:\Users\Norihiko Tanaka\Documents\_広田研関連\2021\pinarray\MouseAnalogScale-OpenGL\RandPat2\test5.cpp(1,1): warning C4828: オフセット 0x1d78 から始まる、現在のソースの文字セット (コードページ 65001) では使用できない文字がファイルに含まれています。
C:\Users\Norihiko Tanaka\Documents\_広田研関連\2021\pinarray\MouseAnalogScale-OpenGL\RandPat2\test5.cpp(1,1): warning C4828: オフセット 0x1d79 から始まる、現在のソースの文字セット (コードページ 65001) では使用できない文字がファイルに含まれています。
C:\Users\Norihiko Tanaka\Documents\_広田研関連\2021\pinarray\MouseAnalogScale-OpenGL\RandPat2\test5.cpp(1,1): warning C4828: オフセット 0x1d81 から始まる、現在のソースの文字セット (コードページ 65001) では使用できない文字がファイルに含まれています。
C:\Users\Norihiko Tanaka\Documents\_広田研関連\2021\pinarray\MouseAnalogScale-OpenGL\RandPat2\test5.cpp(1,1): warning C4828: オフセット 0x1d83 から始まる、現在のソースの文字セット (コードページ 65001) では使用できない文字がファイルに含まれています。
C:\Users\Norihiko Tanaka\Documents\_広田研関連\2021\pinarray\MouseAnalogScale-OpenGL\RandPat2\test5.cpp(1,1): warning C4828: オフセット 0x1d85 から始まる、現在のソースの文字セット (コードページ 65001) では使用できない文字がファイルに含まれています。
C:\Users\Norihiko Tanaka\Documents\_広田研関連\2021\pinarray\MouseAnalogScale-OpenGL\RandPat2\test5.cpp(1,1): warning C4828: オフセット 0x1e3b から始まる、現在のソースの文字セット (コードページ 65001) では使用できない文字がファイルに含まれています。
C:\Users\Norihiko Tanaka\Documents\_広田研関連\2021\pinarray\MouseAnalogScale-OpenGL\RandPat2\test5.cpp(1,1): warning C4828: オフセット 0x1e3d から始まる、現在のソースの文字セット (コードページ 65001) では使用できない文字がファイルに含まれています。
C:\Users\Norihiko Tanaka\Documents\_広田研関連\2021\pinarray\MouseAnalogScale-OpenGL\RandPat2\test5.cpp(1,1): warning C4828: オフセット 0x1e3f から始まる、現在のソースの文字セット (コードページ 65001) では使用できない文字がファイルに含まれています。
C:\Users\Norihiko Tanaka\Documents\_広田研関連\2021\pinarray\MouseAnalogScale-OpenGL\RandPat2\test5.cpp(1,1): warning C4828: オフセット 0x1e40 から始まる、現在のソースの文字セット (コードページ 65001) では使用できない文字がファイルに含まれています。
C:\Users\Norihiko Tanaka\Documents\_広田研関連\2021\pinarray\MouseAnalogScale-OpenGL\RandPat2\test5.cpp(1,1): warning C4828: オフセット 0x1e41 から始まる、現在のソースの文字セット (コードページ 65001) では使用できない文字がファイルに含まれています。
C:\Users\Norihiko Tanaka\Documents\_広田研関連\2021\pinarray\MouseAnalogScale-OpenGL\RandPat2\test5.cpp(1,1): warning C4828: オフセット 0x1e43 から始まる、現在のソースの文字セット (コードページ 65001) では使用できない文字がファイルに含まれています。
C:\Users\Norihiko Tanaka\Documents\_広田研関連\2021\pinarray\MouseAnalogScale-OpenGL\RandPat2\test5.cpp(1,1): warning C4828: オフセット 0x1e45 から始まる、現在のソースの文字セット (コードページ 65001) では使用できない文字がファイルに含まれています。
C:\Users\Norihiko Tanaka\Documents\_広田研関連\2021\pinarray\MouseAnalogScale-OpenGL\RandPat2\test5.cpp(1,1): warning C4828: オフセット 0x1e46 から始まる、現在のソースの文字セット (コードページ 65001) では使用できない文字がファイルに含まれています。
C:\Users\Norihiko Tanaka\Documents\_広田研関連\2021\pinarray\MouseAnalogScale-OpenGL\RandPat2\test5.cpp(1,1): warning C4828: オフセット 0x1e4a から始まる、現在のソースの文字セット (コードページ 65001) では使用できない文字がファイルに含まれています。
C:\Users\Norihiko Tanaka\Documents\_広田研関連\2021\pinarray\MouseAnalogScale-OpenGL\RandPat2\test5.cpp(1,1): warning C4828: オフセット 0x1e4b から始まる、現在のソースの文字セット (コードページ 65001) では使用できない文字がファイルに含まれています。
C:\Users\Norihiko Tanaka\Documents\_広田研関連\2021\pinarray\MouseAnalogScale-OpenGL\RandPat2\test5.cpp(1,1): warning C4828: オフセット 0x1e4f から始まる、現在のソースの文字セット (コードページ 65001) では使用できない文字がファイルに含まれています。
C:\Users\Norihiko Tanaka\Documents\_広田研関連\2021\pinarray\MouseAnalogScale-OpenGL\RandPat2\test5.cpp(1,1): warning C4828: オフセット 0x1e51 から始まる、現在のソースの文字セット (コードページ 65001) では使用できない文字がファイルに含まれています。
C:\Users\Norihiko Tanaka\Documents\_広田研関連\2021\pinarray\MouseAnalogScale-OpenGL\RandPat2\test5.cpp(1,1): warning C4828: オフセット 0x1e52 から始まる、現在のソースの文字セット (コードページ 65001) では使用できない文字がファイルに含まれています。
C:\Users\Norihiko Tanaka\Documents\_広田研関連\2021\pinarray\MouseAnalogScale-OpenGL\RandPat2\test5.cpp(1,1): warning C4828: オフセット 0x1e53 から始まる、現在のソースの文字セット (コードページ 65001) では使用できない文字がファイルに含まれています。
C:\Users\Norihiko Tanaka\Documents\_広田研関連\2021\pinarray\MouseAnalogScale-OpenGL\RandPat2\test5.cpp(1,1): warning C4828: オフセット 0x1e57 から始まる、現在のソースの文字セット (コードページ 65001) では使用できない文字がファイルに含まれています。
C:\Users\Norihiko Tanaka\Documents\_広田研関連\2021\pinarray\MouseAnalogScale-OpenGL\RandPat2\test5.cpp(1,1): warning C4828: オフセット 0x1e59 から始まる、現在のソースの文字セット (コードページ 65001) では使用できない文字がファイルに含まれています。
C:\Users\Norihiko Tanaka\Documents\_広田研関連\2021\pinarray\MouseAnalogScale-OpenGL\RandPat2\test5.cpp(1,1): warning C4828: オフセット 0x1eb5 から始まる、現在のソースの文字セット (コードページ 65001) では使用できない文字がファイルに含まれています。
C:\Users\Norihiko Tanaka\Documents\_広田研関連\2021\pinarray\MouseAnalogScale-OpenGL\RandPat2\test5.cpp(1,1): warning C4828: オフセット 0x1eb8 から始まる、現在のソースの文字セット (コードページ 65001) では使用できない文字がファイルに含まれています。
C:\Users\Norihiko Tanaka\Documents\_広田研関連\2021\pinarray\MouseAnalogScale-OpenGL\RandPat2\test5.cpp(1,1): warning C4828: オフセット 0x1eb9 から始まる、現在のソースの文字セット (コードページ 65001) では使用できない文字がファイルに含まれています。
C:\Users\Norihiko Tanaka\Documents\_広田研関連\2021\pinarray\MouseAnalogScale-OpenGL\RandPat2\test5.cpp(1,1): warning C4828: オフセット 0x1ebc から始まる、現在のソースの文字セット (コードページ 65001) では使用できない文字がファイルに含まれています。
C:\Users\Norihiko Tanaka\Documents\_広田研関連\2021\pinarray\MouseAnalogScale-OpenGL\RandPat2\test5.cpp(1,1): warning C4828: オフセット 0x1ebd から始まる、現在のソースの文字セット (コードページ 65001) では使用できない文字がファイルに含まれています。
C:\Users\Norihiko Tanaka\Documents\_広田研関連\2021\pinarray\MouseAnalogScale-OpenGL\RandPat2\test5.cpp(1,1): warning C4828: オフセット 0x1ebe から始まる、現在のソースの文字セット (コードページ 65001) では使用できない文字がファイルに含まれています。
C:\Users\Norihiko Tanaka\Documents\_広田研関連\2021\pinarray\MouseAnalogScale-OpenGL\RandPat2\test5.cpp(1,1): warning C4828: オフセット 0x1ebf から始まる、現在のソースの文字セット (コードページ 65001) では使用できない文字がファイルに含まれています。
C:\Users\Norihiko Tanaka\Documents\_広田研関連\2021\pinarray\MouseAnalogScale-OpenGL\RandPat2\test5.cpp(1,1): warning C4828: オフセット 0x1ec0 から始まる、現在のソースの文字セット (コードページ 65001) では使用できない文字がファイルに含まれています。
C:\Users\Norihiko Tanaka\Documents\_広田研関連\2021\pinarray\MouseAnalogScale-OpenGL\RandPat2\test5.cpp(1,1): warning C4828: オフセット 0x1ee0 から始まる、現在のソースの文字セット (コードページ 65001) では使用できない文字がファイルに含まれています。
C:\Users\Norihiko Tanaka\Documents\_広田研関連\2021\pinarray\MouseAnalogScale-OpenGL\RandPat2\test5.cpp(1,1): warning C4828: オフセット 0x1ee2 から始まる、現在のソースの文字セット (コードページ 65001) では使用できない文字がファイルに含まれています。
C:\Users\Norihiko Tanaka\Documents\_広田研関連\2021\pinarray\MouseAnalogScale-OpenGL\RandPat2\test5.cpp(1,1): warning C4828: オフセット 0x1ee3 から始まる、現在のソースの文字セット (コードページ 65001) では使用できない文字がファイルに含まれています。
C:\Users\Norihiko Tanaka\Documents\_広田研関連\2021\pinarray\MouseAnalogScale-OpenGL\RandPat2\test5.cpp(1,1): warning C4828: オフセット 0x1ee4 から始まる、現在のソースの文字セット (コードページ 65001) では使用できない文字がファイルに含まれています。
C:\Users\Norihiko Tanaka\Documents\_広田研関連\2021\pinarray\MouseAnalogScale-OpenGL\RandPat2\test5.cpp(1,1): warning C4828: オフセット 0x1ee5 から始まる、現在のソースの文字セット (コードページ 65001) では使用できない文字がファイルに含まれています。
C:\Users\Norihiko Tanaka\Documents\_広田研関連\2021\pinarray\MouseAnalogScale-OpenGL\RandPat2\test5.cpp(1,1): warning C4828: オフセット 0x1ee6 から始まる、現在のソースの文字セット (コードページ 65001) では使用できない文字がファイルに含まれています。
C:\Users\Norihiko Tanaka\Documents\_広田研関連\2021\pinarray\MouseAnalogScale-OpenGL\RandPat2\test5.cpp(1,1): warning C4828: オフセット 0x1ee8 から始まる、現在のソースの文字セット (コードページ 65001) では使用できない文字がファイルに含まれています。
C:\Users\Norihiko Tanaka\Documents\_広田研関連\2021\pinarray\MouseAnalogScale-OpenGL\RandPat2\test5.cpp(1,1): warning C4828: オフセット 0x1eea から始まる、現在のソースの文字セット (コードページ 65001) では使用できない文字がファイルに含まれています。
C:\Users\Norihiko Tanaka\Documents\_広田研関連\2021\pinarray\MouseAnalogScale-OpenGL\RandPat2\test5.cpp(1,1): warning C4828: オフセット 0x1eeb から始まる、現在のソースの文字セット (コードページ 65001) では使用できない文字がファイルに含まれています。
C:\Users\Norihiko Tanaka\Documents\_広田研関連\2021\pinarray\MouseAnalogScale-OpenGL\RandPat2\test5.cpp(1,1): warning C4828: オフセット 0x1ef2 から始まる、現在のソースの文字セット (コードページ 65001) では使用できない文字がファイルに含まれています。
C:\Users\Norihiko Tanaka\Documents\_広田研関連\2021\pinarray\MouseAnalogScale-OpenGL\RandPat2\test5.cpp(1,1): warning C4828: オフセット 0x1ef3 から始まる、現在のソースの文字セット (コードページ 65001) では使用できない文字がファイルに含まれています。
C:\Users\Norihiko Tanaka\Documents\_広田研関連\2021\pinarray\MouseAnalogScale-OpenGL\RandPat2\test5.cpp(1,1): warning C4828: オフセット 0x1f26 から始まる、現在のソースの文字セット (コードページ 65001) では使用できない文字がファイルに含まれています。
C:\Users\Norihiko Tanaka\Documents\_広田研関連\2021\pinarray\MouseAnalogScale-OpenGL\RandPat2\test5.cpp(1,1): warning C4828: オフセット 0x1f27 から始まる、現在のソースの文字セット (コードページ 65001) では使用できない文字がファイルに含まれています。
C:\Users\Norihiko Tanaka\Documents\_広田研関連\2021\pinarray\MouseAnalogScale-OpenGL\RandPat2\test5.cpp(1,1): warning C4828: オフセット 0x1f2a から始まる、現在のソースの文字セット (コードページ 65001) では使用できない文字がファイルに含まれています。
C:\Users\Norihiko Tanaka\Documents\_広田研関連\2021\pinarray\MouseAnalogScale-OpenGL\RandPat2\test5.cpp(1,1): warning C4828: オフセット 0x1f2b から始まる、現在のソースの文字セット (コードページ 65001) では使用できない文字がファイルに含まれています。
C:\Users\Norihiko Tanaka\Documents\_広田研関連\2021\pinarray\MouseAnalogScale-OpenGL\RandPat2\test5.cpp(1,1): warning C4828: オフセット 0x1f32 から始まる、現在のソースの文字セット (コードページ 65001) では使用できない文字がファイルに含まれています。
C:\Users\Norihiko Tanaka\Documents\_広田研関連\2021\pinarray\MouseAnalogScale-OpenGL\RandPat2\test5.cpp(1,1): warning C4828: オフセット 0x1f34 から始まる、現在のソースの文字セット (コードページ 65001) では使用できない文字がファイルに含まれています。
C:\Users\Norihiko Tanaka\Documents\_広田研関連\2021\pinarray\MouseAnalogScale-OpenGL\RandPat2\test5.cpp(1,1): warning C4828: オフセット 0x1f36 から始まる、現在のソースの文字セット (コードページ 65001) では使用できない文字がファイルに含まれています。
C:\Users\Norihiko Tanaka\Documents\_広田研関連\2021\pinarray\MouseAnalogScale-OpenGL\RandPat2\test5.cpp(1,1): warning C4828: オフセット 0x1f37 から始まる、現在のソースの文字セット (コードページ 65001) では使用できない文字がファイルに含まれています。
C:\Users\Norihiko Tanaka\Documents\_広田研関連\2021\pinarray\MouseAnalogScale-OpenGL\RandPat2\test5.cpp(1,1): warning C4828: オフセット 0x1f38 から始まる、現在のソースの文字セット (コードページ 65001) では使用できない文字がファイルに含まれています。
C:\Users\Norihiko Tanaka\Documents\_広田研関連\2021\pinarray\MouseAnalogScale-OpenGL\RandPat2\test5.cpp(1,1): warning C4828: オフセット 0x1f3a から始まる、現在のソースの文字セット (コードページ 65001) では使用できない文字がファイルに含まれています。
C:\Users\Norihiko Tanaka\Documents\_広田研関連\2021\pinarray\MouseAnalogScale-OpenGL\RandPat2\test5.cpp(1,1): warning C4828: オフセット 0x1f3c から始まる、現在のソースの文字セット (コードページ 65001) では使用できない文字がファイルに含まれています。
C:\Users\Norihiko Tanaka\Documents\_広田研関連\2021\pinarray\MouseAnalogScale-OpenGL\RandPat2\test5.cpp(1,1): warning C4828: オフセット 0x1f3d から始まる、現在のソースの文字セット (コードページ 65001) では使用できない文字がファイルに含まれています。
C:\Users\Norihiko Tanaka\Documents\_広田研関連\2021\pinarray\MouseAnalogScale-OpenGL\RandPat2\test5.cpp(1,1): warning C4828: オフセット 0x1f41 から始まる、現在のソースの文字セット (コードページ 65001) では使用できない文字がファイルに含まれています。
C:\Users\Norihiko Tanaka\Documents\_広田研関連\2021\pinarray\MouseAnalogScale-OpenGL\RandPat2\test5.cpp(1,1): warning C4828: オフセット 0x1f8a から始まる、現在のソースの文字セット (コードページ 65001) では使用できない文字がファイルに含まれています。
C:\Users\Norihiko Tanaka\Documents\_広田研関連\2021\pinarray\MouseAnalogScale-OpenGL\RandPat2\test5.cpp(1,1): warning C4828: オフセット 0x1f8c から始まる、現在のソースの文字セット (コードページ 65001) では使用できない文字がファイルに含まれています。
C:\Users\Norihiko Tanaka\Documents\_広田研関連\2021\pinarray\MouseAnalogScale-OpenGL\RandPat2\test5.cpp(1,1): warning C4828: オフセット 0x1f8d から始まる、現在のソースの文字セット (コードページ 65001) では使用できない文字がファイルに含まれています。
C:\Users\Norihiko Tanaka\Documents\_広田研関連\2021\pinarray\MouseAnalogScale-OpenGL\RandPat2\test5.cpp(1,1): warning C4828: オフセット 0x1f8e から始まる、現在のソースの文字セット (コードページ 65001) では使用できない文字がファイルに含まれています。
C:\Users\Norihiko Tanaka\Documents\_広田研関連\2021\pinarray\MouseAnalogScale-OpenGL\RandPat2\test5.cpp(1,1): warning C4828: オフセット 0x1f91 から始まる、現在のソースの文字セット (コードページ 65001) では使用できない文字がファイルに含まれています。
C:\Users\Norihiko Tanaka\Documents\_広田研関連\2021\pinarray\MouseAnalogScale-OpenGL\RandPat2\test5.cpp(1,1): warning C4828: オフセット 0x1fb4 から始まる、現在のソースの文字セット (コードページ 65001) では使用できない文字がファイルに含まれています。
C:\Users\Norihiko Tanaka\Documents\_広田研関連\2021\pinarray\MouseAnalogScale-OpenGL\RandPat2\test5.cpp(1,1): warning C4828: オフセット 0x1fb6 から始まる、現在のソースの文字セット (コードページ 65001) では使用できない文字がファイルに含まれています。
C:\Users\Norihiko Tanaka\Documents\_広田研関連\2021\pinarray\MouseAnalogScale-OpenGL\RandPat2\test5.cpp(1,1): warning C4828: オフセット 0x1fb8 から始まる、現在のソースの文字セット (コードページ 65001) では使用できない文字がファイルに含まれています。
C:\Users\Norihiko Tanaka\Documents\_広田研関連\2021\pinarray\MouseAnalogScale-OpenGL\RandPat2\test5.cpp(1,1): warning C4828: オフセット 0x1fb9 から始まる、現在のソースの文字セット (コードページ 65001) では使用できない文字がファイルに含まれています。
C:\Users\Norihiko Tanaka\Documents\_広田研関連\2021\pinarray\MouseAnalogScale-OpenGL\RandPat2\test5.cpp(1,1): warning C4828: オフセット 0x1fba から始まる、現在のソースの文字セット (コードページ 65001) では使用できない文字がファイルに含まれています。
C:\Users\Norihiko Tanaka\Documents\_広田研関連\2021\pinarray\MouseAnalogScale-OpenGL\RandPat2\test5.cpp(1,1): warning C4828: オフセット 0x1fbc から始まる、現在のソースの文字セット (コードページ 65001) では使用できない文字がファイルに含まれています。
C:\Users\Norihiko Tanaka\Documents\_広田研関連\2021\pinarray\MouseAnalogScale-OpenGL\RandPat2\test5.cpp(1,1): warning C4828: オフセット 0x1fbe から始まる、現在のソースの文字セット (コードページ 65001) では使用できない文字がファイルに含まれています。
C:\Users\Norihiko Tanaka\Documents\_広田研関連\2021\pinarray\MouseAnalogScale-OpenGL\RandPat2\test5.cpp(1,1): warning C4828: オフセット 0x1fbf から始まる、現在のソースの文字セット (コードページ 65001) では使用できない文字がファイルに含まれています。
C:\Users\Norihiko Tanaka\Documents\_広田研関連\2021\pinarray\MouseAnalogScale-OpenGL\RandPat2\test5.cpp(1,1): warning C4828: オフセット 0x1fc0 から始まる、現在のソースの文字セット (コードページ 65001) では使用できない文字がファイルに含まれています。
C:\Users\Norihiko Tanaka\Documents\_広田研関連\2021\pinarray\MouseAnalogScale-OpenGL\RandPat2\test5.cpp(1,1): warning C4828: オフセット 0x1fc2 から始まる、現在のソースの文字セット (コードページ 65001) では使用できない文字がファイルに含まれています。
C:\Users\Norihiko Tanaka\Documents\_広田研関連\2021\pinarray\MouseAnalogScale-OpenGL\RandPat2\test5.cpp(1,1): warning C4828: オフセット 0x1fc4 から始まる、現在のソースの文字セット (コードページ 65001) では使用できない文字がファイルに含まれています。
C:\Users\Norihiko Tanaka\Documents\_広田研関連\2021\pinarray\MouseAnalogScale-OpenGL\RandPat2\test5.cpp(1,1): warning C4828: オフセット 0x1fc6 から始まる、現在のソースの文字セット (コードページ 65001) では使用できない文字がファイルに含まれています。
C:\Users\Norihiko Tanaka\Documents\_広田研関連\2021\pinarray\MouseAnalogScale-OpenGL\RandPat2\test5.cpp(1,1): warning C4828: オフセット 0x1fc8 から始まる、現在のソースの文字セット (コードページ 65001) では使用できない文字がファイルに含まれています。
C:\Users\Norihiko Tanaka\Documents\_広田研関連\2021\pinarray\MouseAnalogScale-OpenGL\RandPat2\test5.cpp(1,1): warning C4828: オフセット 0x1fca から始まる、現在のソースの文字セット (コードページ 65001) では使用できない文字がファイルに含まれています。
C:\Users\Norihiko Tanaka\Documents\_広田研関連\2021\pinarray\MouseAnalogScale-OpenGL\RandPat2\test5.cpp(1,1): warning C4828: オフセット 0x1fcb から始まる、現在のソースの文字セット (コードページ 65001) では使用できない文字がファイルに含まれています。
C:\Users\Norihiko Tanaka\Documents\_広田研関連\2021\pinarray\MouseAnalogScale-OpenGL\RandPat2\test5.cpp(1,1): warning C4828: オフセット 0x1fcc から始まる、現在のソースの文字セット (コードページ 65001) では使用できない文字がファイルに含まれています。
C:\Users\Norihiko Tanaka\Documents\_広田研関連\2021\pinarray\MouseAnalogScale-OpenGL\RandPat2\test5.cpp(1,1): warning C4828: オフセット 0x1fce から始まる、現在のソースの文字セット (コードページ 65001) では使用できない文字がファイルに含まれています。
C:\Users\Norihiko Tanaka\Documents\_広田研関連\2021\pinarray\MouseAnalogScale-OpenGL\RandPat2\test5.cpp(1,1): warning C4828: オフセット 0x1fd0 から始まる、現在のソースの文字セット (コードページ 65001) では使用できない文字がファイルに含まれています。
C:\Users\Norihiko Tanaka\Documents\_広田研関連\2021\pinarray\MouseAnalogScale-OpenGL\RandPat2\test5.cpp(1,1): warning C4828: オフセット 0x1fd2 から始まる、現在のソースの文字セット (コードページ 65001) では使用できない文字がファイルに含まれています。
C:\Users\Norihiko Tanaka\Documents\_広田研関連\2021\pinarray\MouseAnalogScale-OpenGL\RandPat2\test5.cpp(1,1): warning C4828: オフセット 0x1fd4 から始まる、現在のソースの文字セット (コードページ 65001) では使用できない文字がファイルに含まれています。
C:\Users\Norihiko Tanaka\Documents\_広田研関連\2021\pinarray\MouseAnalogScale-OpenGL\RandPat2\test5.cpp(1,1): warning C4828: オフセット 0x1fd7 から始まる、現在のソースの文字セット (コードページ 65001) では使用できない文字がファイルに含まれています。
C:\Users\Norihiko Tanaka\Documents\_広田研関連\2021\pinarray\MouseAnalogScale-OpenGL\RandPat2\test5.cpp(1,1): warning C4828: オフセット 0x1fd8 から始まる、現在のソースの文字セット (コードページ 65001) では使用できない文字がファイルに含まれています。
C:\Users\Norihiko Tanaka\Documents\_広田研関連\2021\pinarray\MouseAnalogScale-OpenGL\RandPat2\test5.cpp(1,1): warning C4828: オフセット 0x1fda から始まる、現在のソースの文字セット (コードページ 65001) では使用できない文字がファイルに含まれています。
C:\Users\Norihiko Tanaka\Documents\_広田研関連\2021\pinarray\MouseAnalogScale-OpenGL\RandPat2\test5.cpp(1,1): warning C4828: オフセット 0x1fdf から始まる、現在のソースの文字セット (コードページ 65001) では使用できない文字がファイルに含まれています。
C:\Users\Norihiko Tanaka\Documents\_広田研関連\2021\pinarray\MouseAnalogScale-OpenGL\RandPat2\test5.cpp(1,1): warning C4828: オフセット 0x2001 から始まる、現在のソースの文字セット (コードページ 65001) では使用できない文字がファイルに含まれています。
C:\Users\Norihiko Tanaka\Documents\_広田研関連\2021\pinarray\MouseAnalogScale-OpenGL\RandPat2\test5.cpp(1,1): warning C4828: オフセット 0x2003 から始まる、現在のソースの文字セット (コードページ 65001) では使用できない文字がファイルに含まれています。
C:\Users\Norihiko Tanaka\Documents\_広田研関連\2021\pinarray\MouseAnalogScale-OpenGL\RandPat2\test5.cpp(1,1): warning C4828: オフセット 0x2005 から始まる、現在のソースの文字セット (コードページ 65001) では使用できない文字がファイルに含まれています。
C:\Users\Norihiko Tanaka\Documents\_広田研関連\2021\pinarray\MouseAnalogScale-OpenGL\RandPat2\test5.cpp(1,1): warning C4828: オフセット 0x203f から始まる、現在のソースの文字セット (コードページ 65001) では使用できない文字がファイルに含まれています。
C:\Users\Norihiko Tanaka\Documents\_広田研関連\2021\pinarray\MouseAnalogScale-OpenGL\RandPat2\test5.cpp(1,1): warning C4828: オフセット 0x2041 から始まる、現在のソースの文字セット (コードページ 65001) では使用できない文字がファイルに含まれています。
C:\Users\Norihiko Tanaka\Documents\_広田研関連\2021\pinarray\MouseAnalogScale-OpenGL\RandPat2\test5.cpp(1,1): warning C4828: オフセット 0x2043 から始まる、現在のソースの文字セット (コードページ 65001) では使用できない文字がファイルに含まれています。
C:\Users\Norihiko Tanaka\Documents\_広田研関連\2021\pinarray\MouseAnalogScale-OpenGL\RandPat2\test5.cpp(1,1): warning C4828: オフセット 0x2045 から始まる、現在のソースの文字セット (コードページ 65001) では使用できない文字がファイルに含まれています。
C:\Users\Norihiko Tanaka\Documents\_広田研関連\2021\pinarray\MouseAnalogScale-OpenGL\RandPat2\test5.cpp(1,1): warning C4828: オフセット 0x2047 から始まる、現在のソースの文字セット (コードページ 65001) では使用できない文字がファイルに含まれています。
C:\Users\Norihiko Tanaka\Documents\_広田研関連\2021\pinarray\MouseAnalogScale-OpenGL\RandPat2\test5.cpp(1,1): warning C4828: オフセット 0x2081 から始まる、現在のソースの文字セット (コードページ 65001) では使用できない文字がファイルに含まれています。
C:\Users\Norihiko Tanaka\Documents\_広田研関連\2021\pinarray\MouseAnalogScale-OpenGL\RandPat2\test5.cpp(1,1): warning C4828: オフセット 0x2082 から始まる、現在のソースの文字セット (コードページ 65001) では使用できない文字がファイルに含まれています。
C:\Users\Norihiko Tanaka\Documents\_広田研関連\2021\pinarray\MouseAnalogScale-OpenGL\RandPat2\test5.cpp(1,1): warning C4828: オフセット 0x2083 から始まる、現在のソースの文字セット (コードページ 65001) では使用できない文字がファイルに含まれています。
C:\Users\Norihiko Tanaka\Documents\_広田研関連\2021\pinarray\MouseAnalogScale-OpenGL\RandPat2\test5.cpp(1,1): warning C4828: オフセット 0x2084 から始まる、現在のソースの文字セット (コードページ 65001) では使用できない文字がファイルに含まれています。
C:\Users\Norihiko Tanaka\Documents\_広田研関連\2021\pinarray\MouseAnalogScale-OpenGL\RandPat2\test5.cpp(1,1): warning C4828: オフセット 0x2085 から始まる、現在のソースの文字セット (コードページ 65001) では使用できない文字がファイルに含まれています。
C:\Users\Norihiko Tanaka\Documents\_広田研関連\2021\pinarray\MouseAnalogScale-OpenGL\RandPat2\test5.cpp(1,1): warning C4828: オフセット 0x2086 から始まる、現在のソースの文字セット (コードページ 65001) では使用できない文字がファイルに含まれています。
C:\Users\Norihiko Tanaka\Documents\_広田研関連\2021\pinarray\MouseAnalogScale-OpenGL\RandPat2\test5.cpp(1,1): warning C4828: オフセット 0x2087 から始まる、現在のソースの文字セット (コードページ 65001) では使用できない文字がファイルに含まれています。
C:\Users\Norihiko Tanaka\Documents\_広田研関連\2021\pinarray\MouseAnalogScale-OpenGL\RandPat2\test5.cpp(1,1): warning C4828: オフセット 0x2089 から始まる、現在のソースの文字セット (コードページ 65001) では使用できない文字がファイルに含まれています。
C:\Users\Norihiko Tanaka\Documents\_広田研関連\2021\pinarray\MouseAnalogScale-OpenGL\RandPat2\test5.cpp(1,1): warning C4828: オフセット 0x208b から始まる、現在のソースの文字セット (コードページ 65001) では使用できない文字がファイルに含まれています。
C:\Users\Norihiko Tanaka\Documents\_広田研関連\2021\pinarray\MouseAnalogScale-OpenGL\RandPat2\test5.cpp(1,1): warning C4828: オフセット 0x208f から始まる、現在のソースの文字セット (コードページ 65001) では使用できない文字がファイルに含まれています。
C:\Users\Norihiko Tanaka\Documents\_広田研関連\2021\pinarray\MouseAnalogScale-OpenGL\RandPat2\test5.cpp(1,1): warning C4828: オフセット 0x2091 から始まる、現在のソースの文字セット (コードページ 65001) では使用できない文字がファイルに含まれています。
C:\Users\Norihiko Tanaka\Documents\_広田研関連\2021\pinarray\MouseAnalogScale-OpenGL\RandPat2\test5.cpp(1,1): warning C4828: オフセット 0x2092 から始まる、現在のソースの文字セット (コードページ 65001) では使用できない文字がファイルに含まれています。
C:\Users\Norihiko Tanaka\Documents\_広田研関連\2021\pinarray\MouseAnalogScale-OpenGL\RandPat2\test5.cpp(1,1): warning C4828: オフセット 0x2093 から始まる、現在のソースの文字セット (コードページ 65001) では使用できない文字がファイルに含まれています。
C:\Users\Norihiko Tanaka\Documents\_広田研関連\2021\pinarray\MouseAnalogScale-OpenGL\RandPat2\test5.cpp(1,1): warning C4828: オフセット 0x2095 から始まる、現在のソースの文字セット (コードページ 65001) では使用できない文字がファイルに含まれています。
C:\Users\Norihiko Tanaka\Documents\_広田研関連\2021\pinarray\MouseAnalogScale-OpenGL\RandPat2\test5.cpp(1,1): warning C4828: オフセット 0x2097 から始まる、現在のソースの文字セット (コードページ 65001) では使用できない文字がファイルに含まれています。
C:\Users\Norihiko Tanaka\Documents\_広田研関連\2021\pinarray\MouseAnalogScale-OpenGL\RandPat2\test5.cpp(124,56): warning C4305: '引数': 'double' から 'GLclampf' へ切り詰めます。
C:\Users\Norihiko Tanaka\Documents\_広田研関連\2021\pinarray\MouseAnalogScale-OpenGL\RandPat2\test5.cpp(127,12): warning C4244: '初期化中': 'double' から 'float' への変換です。データが失われる可能性があります。
C:\Users\Norihiko Tanaka\Documents\_広田研関連\2021\pinarray\MouseAnalogScale-OpenGL\RandPat2\test5.cpp(136,14): warning C4244: '初期化中': 'double' から 'float' への変換です。データが失われる可能性があります。
C:\Users\Norihiko Tanaka\Documents\_広田研関連\2021\pinarray\MouseAnalogScale-OpenGL\RandPat2\test5.cpp(217,54): warning C4244: '=': 'double' から 'GLint' への変換です。データが失われる可能性があります。
C:\Users\Norihiko Tanaka\Documents\_広田研関連\2021\pinarray\MouseAnalogScale-OpenGL\RandPat2\test5.cpp(218,54): warning C4244: '=': 'double' から 'GLint' への変換です。データが失われる可能性があります。
C:\Users\Norihiko Tanaka\Documents\_広田研関連\2021\pinarray\MouseAnalogScale-OpenGL\RandPat2\test5.cpp(15,24): warning C4244: '=': 'double' から 'GLint' への変換です。データが失われる可能性があります。
C:\Users\Norihiko Tanaka\Documents\_広田研関連\2021\pinarray\MouseAnalogScale-OpenGL\RandPat2\test5.cpp(15,39): warning C4244: '=': 'double' から 'GLint' への変換です。データが失われる可能性があります。
C:\Users\Norihiko Tanaka\Documents\_広田研関連\2021\pinarray\MouseAnalogScale-OpenGL\RandPat2\test5.cpp(15,24): warning C4244: '=': 'double' から 'int' への変換です。データが失われる可能性があります。
C:\Users\Norihiko Tanaka\Documents\_広田研関連\2021\pinarray\MouseAnalogScale-OpenGL\RandPat2\test5.cpp(15,39): warning C4244: '=': 'double' から 'int' への変換です。データが失われる可能性があります。
C:\Users\Norihiko Tanaka\Documents\_広田研関連\2021\pinarray\MouseAnalogScale-OpenGL\RandPat2\test5.cpp(278,25): warning C4244: '=': 'double' から 'float' への変換です。データが失われる可能性があります。
C:\Users\Norihiko Tanaka\Documents\_広田研関連\2021\pinarray\MouseAnalogScale-OpenGL\RandPat2\test5.cpp(283,55): warning C4244: '=': 'double' から 'GLint' への変換です。データが失われる可能性があります。
C:\Users\Norihiko Tanaka\Documents\_広田研関連\2021\pinarray\MouseAnalogScale-OpenGL\RandPat2\test5.cpp(284,55): warning C4244: '=': 'double' から 'GLint' への変換です。データが失われる可能性があります。
C:\Users\Norihiko Tanaka\Documents\_広田研関連\2021\pinarray\MouseAnalogScale-OpenGL\RandPat2\test5.cpp(320,31): warning C4244: '引数': 'const double' から 'int' への変換です。データが失われる可能性があります。
C:\Users\Norihiko Tanaka\Documents\_広田研関連\2021\pinarray\MouseAnalogScale-OpenGL\RandPat2\test5.cpp(320,21): warning C4244: '引数': 'const double' から 'int' への変換です。データが失われる可能性があります。
  コード生成しています。
  1 of 14 functions ( 7.1%) were compiled, the rest were copied from previous compilation.
    0 functions were new in current compilation
    1 functions had inline decision re-evaluated but remain unchanged
  コード生成が終了しました。
  RandPat.vcxproj -> C:\Users\Norihiko Tanaka\Documents\_広田研関連\Libs\bin\RandPat.exe
